{"/root/yogastudio/frontend/src/App.js": {"path":"/root/yogastudio/frontend/src/App.js","statementMap":{"0":{"start":{"line":9,"column":14},"end":{"line":9,"column":49}},"1":{"start":{"line":9,"column":25},"end":{"line":9,"column":48}},"2":{"start":{"line":10,"column":17},"end":{"line":10,"column":55}},"3":{"start":{"line":10,"column":28},"end":{"line":10,"column":54}},"4":{"start":{"line":11,"column":18},"end":{"line":11,"column":57}},"5":{"start":{"line":11,"column":29},"end":{"line":11,"column":56}},"6":{"start":{"line":12,"column":19},"end":{"line":12,"column":59}},"7":{"start":{"line":12,"column":30},"end":{"line":12,"column":58}},"8":{"start":{"line":13,"column":17},"end":{"line":13,"column":55}},"9":{"start":{"line":13,"column":28},"end":{"line":13,"column":54}},"10":{"start":{"line":14,"column":16},"end":{"line":14,"column":53}},"11":{"start":{"line":14,"column":27},"end":{"line":14,"column":52}},"12":{"start":{"line":15,"column":21},"end":{"line":15,"column":63}},"13":{"start":{"line":15,"column":32},"end":{"line":15,"column":62}},"14":{"start":{"line":18,"column":28},"end":{"line":18,"column":37}},"15":{"start":{"line":20,"column":2},"end":{"line":26,"column":3}},"16":{"start":{"line":21,"column":4},"end":{"line":25,"column":6}},"17":{"start":{"line":28,"column":2},"end":{"line":30,"column":3}},"18":{"start":{"line":29,"column":4},"end":{"line":29,"column":36}},"19":{"start":{"line":32,"column":2},"end":{"line":32,"column":18}},"20":{"start":{"line":36,"column":19},"end":{"line":36,"column":28}},"21":{"start":{"line":38,"column":2},"end":{"line":76,"column":4}},"22":{"start":{"line":80,"column":2},"end":{"line":88,"column":4}}},"fnMap":{"0":{"name":"(anonymous_0)","decl":{"start":{"line":9,"column":19},"end":{"line":9,"column":20}},"loc":{"start":{"line":9,"column":25},"end":{"line":9,"column":48}},"line":9},"1":{"name":"(anonymous_1)","decl":{"start":{"line":10,"column":22},"end":{"line":10,"column":23}},"loc":{"start":{"line":10,"column":28},"end":{"line":10,"column":54}},"line":10},"2":{"name":"(anonymous_2)","decl":{"start":{"line":11,"column":23},"end":{"line":11,"column":24}},"loc":{"start":{"line":11,"column":29},"end":{"line":11,"column":56}},"line":11},"3":{"name":"(anonymous_3)","decl":{"start":{"line":12,"column":24},"end":{"line":12,"column":25}},"loc":{"start":{"line":12,"column":30},"end":{"line":12,"column":58}},"line":12},"4":{"name":"(anonymous_4)","decl":{"start":{"line":13,"column":22},"end":{"line":13,"column":23}},"loc":{"start":{"line":13,"column":28},"end":{"line":13,"column":54}},"line":13},"5":{"name":"(anonymous_5)","decl":{"start":{"line":14,"column":21},"end":{"line":14,"column":22}},"loc":{"start":{"line":14,"column":27},"end":{"line":14,"column":52}},"line":14},"6":{"name":"(anonymous_6)","decl":{"start":{"line":15,"column":26},"end":{"line":15,"column":27}},"loc":{"start":{"line":15,"column":32},"end":{"line":15,"column":62}},"line":15},"7":{"name":"ProtectedRoute","decl":{"start":{"line":17,"column":9},"end":{"line":17,"column":23}},"loc":{"start":{"line":17,"column":38},"end":{"line":33,"column":1}},"line":17},"8":{"name":"AppRoutes","decl":{"start":{"line":35,"column":9},"end":{"line":35,"column":18}},"loc":{"start":{"line":35,"column":21},"end":{"line":77,"column":1}},"line":35},"9":{"name":"App","decl":{"start":{"line":79,"column":9},"end":{"line":79,"column":12}},"loc":{"start":{"line":79,"column":15},"end":{"line":89,"column":1}},"line":79}},"branchMap":{"0":{"loc":{"start":{"line":20,"column":2},"end":{"line":26,"column":3}},"type":"if","locations":[{"start":{"line":20,"column":2},"end":{"line":26,"column":3}},{"start":{},"end":{}}],"line":20},"1":{"loc":{"start":{"line":28,"column":2},"end":{"line":30,"column":3}},"type":"if","locations":[{"start":{"line":28,"column":2},"end":{"line":30,"column":3}},{"start":{},"end":{}}],"line":28},"2":{"loc":{"start":{"line":40,"column":7},"end":{"line":40,"column":25}},"type":"binary-expr","locations":[{"start":{"line":40,"column":7},"end":{"line":40,"column":11}},{"start":{"line":40,"column":15},"end":{"line":40,"column":25}}],"line":40},"3":{"loc":{"start":{"line":71,"column":12},"end":{"line":71,"column":74}},"type":"cond-expr","locations":[{"start":{"line":71,"column":19},"end":{"line":71,"column":47}},{"start":{"line":71,"column":50},"end":{"line":71,"column":74}}],"line":71}},"s":{"0":0,"1":0,"2":0,"3":0,"4":0,"5":0,"6":0,"7":0,"8":0,"9":0,"10":0,"11":0,"12":0,"13":0,"14":0,"15":0,"16":0,"17":0,"18":0,"19":0,"20":0,"21":0,"22":0},"f":{"0":0,"1":0,"2":0,"3":0,"4":0,"5":0,"6":0,"7":0,"8":0,"9":0},"b":{"0":[0,0],"1":[0,0],"2":[0,0],"3":[0,0]}}
,"/root/yogastudio/frontend/src/components/AsanaCard.js": {"path":"/root/yogastudio/frontend/src/components/AsanaCard.js","statementMap":{"0":{"start":{"line":3,"column":18},"end":{"line":109,"column":1}},"1":{"start":{"line":5,"column":2},"end":{"line":7,"column":3}},"2":{"start":{"line":6,"column":4},"end":{"line":6,"column":16}},"3":{"start":{"line":8,"column":40},"end":{"line":8,"column":55}},"4":{"start":{"line":9,"column":38},"end":{"line":9,"column":53}},"5":{"start":{"line":10,"column":2},"end":{"line":108,"column":4}},"6":{"start":{"line":13,"column":21},"end":{"line":13,"column":37}},"7":{"start":{"line":16,"column":24},"end":{"line":16,"column":61}},"8":{"start":{"line":33,"column":30},"end":{"line":33,"column":50}},"9":{"start":{"line":35,"column":18},"end":{"line":35,"column":38}},"10":{"start":{"line":36,"column":18},"end":{"line":36,"column":39}},"11":{"start":{"line":92,"column":14},"end":{"line":97,"column":21}},"12":{"start":{"line":113,"column":2},"end":{"line":117,"column":4}}},"fnMap":{"0":{"name":"(anonymous_0)","decl":{"start":{"line":3,"column":18},"end":{"line":3,"column":19}},"loc":{"start":{"line":3,"column":76},"end":{"line":109,"column":1}},"line":3},"1":{"name":"(anonymous_1)","decl":{"start":{"line":13,"column":15},"end":{"line":13,"column":16}},"loc":{"start":{"line":13,"column":21},"end":{"line":13,"column":37}},"line":13},"2":{"name":"(anonymous_2)","decl":{"start":{"line":16,"column":17},"end":{"line":16,"column":18}},"loc":{"start":{"line":16,"column":24},"end":{"line":16,"column":61}},"line":16},"3":{"name":"(anonymous_3)","decl":{"start":{"line":33,"column":24},"end":{"line":33,"column":25}},"loc":{"start":{"line":33,"column":30},"end":{"line":33,"column":50}},"line":33},"4":{"name":"(anonymous_4)","decl":{"start":{"line":34,"column":25},"end":{"line":34,"column":26}},"loc":{"start":{"line":34,"column":31},"end":{"line":37,"column":17}},"line":34},"5":{"name":"(anonymous_5)","decl":{"start":{"line":91,"column":45},"end":{"line":91,"column":46}},"loc":{"start":{"line":92,"column":14},"end":{"line":97,"column":21}},"line":92},"6":{"name":"(anonymous_6)","decl":{"start":{"line":112,"column":31},"end":{"line":112,"column":32}},"loc":{"start":{"line":112,"column":57},"end":{"line":118,"column":1}},"line":112}},"branchMap":{"0":{"loc":{"start":{"line":3,"column":37},"end":{"line":3,"column":53}},"type":"default-arg","locations":[{"start":{"line":3,"column":49},"end":{"line":3,"column":53}}],"line":3},"1":{"loc":{"start":{"line":3,"column":55},"end":{"line":3,"column":69}},"type":"default-arg","locations":[{"start":{"line":3,"column":67},"end":{"line":3,"column":69}}],"line":3},"2":{"loc":{"start":{"line":5,"column":2},"end":{"line":7,"column":3}},"type":"if","locations":[{"start":{"line":5,"column":2},"end":{"line":7,"column":3}},{"start":{},"end":{}}],"line":5},"3":{"loc":{"start":{"line":16,"column":24},"end":{"line":16,"column":61}},"type":"binary-expr","locations":[{"start":{"line":16,"column":24},"end":{"line":16,"column":41}},{"start":{"line":16,"column":45},"end":{"line":16,"column":61}}],"line":16},"4":{"loc":{"start":{"line":17,"column":26},"end":{"line":17,"column":67}},"type":"binary-expr","locations":[{"start":{"line":17,"column":26},"end":{"line":17,"column":45}},{"start":{"line":17,"column":49},"end":{"line":17,"column":67}}],"line":17},"5":{"loc":{"start":{"line":19,"column":7},"end":{"line":49,"column":7}},"type":"binary-expr","locations":[{"start":{"line":19,"column":7},"end":{"line":19,"column":16}},{"start":{"line":20,"column":8},"end":{"line":48,"column":14}}],"line":19},"6":{"loc":{"start":{"line":21,"column":11},"end":{"line":47,"column":11}},"type":"cond-expr","locations":[{"start":{"line":22,"column":12},"end":{"line":39,"column":15}},{"start":{"line":41,"column":12},"end":{"line":46,"column":18}}],"line":21},"7":{"loc":{"start":{"line":21,"column":11},"end":{"line":21,"column":41}},"type":"binary-expr","locations":[{"start":{"line":21,"column":11},"end":{"line":21,"column":26}},{"start":{"line":21,"column":30},"end":{"line":21,"column":41}}],"line":21},"8":{"loc":{"start":{"line":23,"column":15},"end":{"line":27,"column":15}},"type":"binary-expr","locations":[{"start":{"line":23,"column":15},"end":{"line":23,"column":27}},{"start":{"line":24,"column":16},"end":{"line":26,"column":22}}],"line":23},"9":{"loc":{"start":{"line":30,"column":21},"end":{"line":30,"column":62}},"type":"binary-expr","locations":[{"start":{"line":30,"column":21},"end":{"line":30,"column":40}},{"start":{"line":30,"column":44},"end":{"line":30,"column":62}}],"line":30},"10":{"loc":{"start":{"line":31,"column":95},"end":{"line":31,"column":136}},"type":"cond-expr","locations":[{"start":{"line":31,"column":109},"end":{"line":31,"column":122}},{"start":{"line":31,"column":125},"end":{"line":31,"column":136}}],"line":31},"11":{"loc":{"start":{"line":54,"column":11},"end":{"line":54,"column":52}},"type":"binary-expr","locations":[{"start":{"line":54,"column":11},"end":{"line":54,"column":30}},{"start":{"line":54,"column":34},"end":{"line":54,"column":52}}],"line":54},"12":{"loc":{"start":{"line":57,"column":9},"end":{"line":61,"column":9}},"type":"binary-expr","locations":[{"start":{"line":57,"column":9},"end":{"line":57,"column":28}},{"start":{"line":58,"column":10},"end":{"line":60,"column":14}}],"line":57},"13":{"loc":{"start":{"line":65,"column":13},"end":{"line":65,"column":49}},"type":"binary-expr","locations":[{"start":{"line":65,"column":13},"end":{"line":65,"column":35}},{"start":{"line":65,"column":39},"end":{"line":65,"column":49}}],"line":65},"14":{"loc":{"start":{"line":67,"column":11},"end":{"line":69,"column":11}},"type":"binary-expr","locations":[{"start":{"line":67,"column":11},"end":{"line":67,"column":29}},{"start":{"line":68,"column":12},"end":{"line":68,"column":49}}],"line":67},"15":{"loc":{"start":{"line":72,"column":9},"end":{"line":77,"column":9}},"type":"binary-expr","locations":[{"start":{"line":72,"column":9},"end":{"line":72,"column":26}},{"start":{"line":73,"column":10},"end":{"line":76,"column":14}}],"line":72},"16":{"loc":{"start":{"line":75,"column":13},"end":{"line":75,"column":56}},"type":"cond-expr","locations":[{"start":{"line":75,"column":46},"end":{"line":75,"column":51}},{"start":{"line":75,"column":54},"end":{"line":75,"column":56}}],"line":75},"17":{"loc":{"start":{"line":79,"column":9},"end":{"line":87,"column":9}},"type":"binary-expr","locations":[{"start":{"line":79,"column":9},"end":{"line":79,"column":23}},{"start":{"line":80,"column":10},"end":{"line":86,"column":16}}],"line":79},"18":{"loc":{"start":{"line":84,"column":15},"end":{"line":84,"column":55}},"type":"cond-expr","locations":[{"start":{"line":84,"column":45},"end":{"line":84,"column":50}},{"start":{"line":84,"column":53},"end":{"line":84,"column":55}}],"line":84},"19":{"loc":{"start":{"line":89,"column":9},"end":{"line":105,"column":9}},"type":"binary-expr","locations":[{"start":{"line":89,"column":9},"end":{"line":89,"column":24}},{"start":{"line":89,"column":28},"end":{"line":89,"column":54}},{"start":{"line":90,"column":10},"end":{"line":104,"column":16}}],"line":89},"20":{"loc":{"start":{"line":99,"column":13},"end":{"line":103,"column":13}},"type":"binary-expr","locations":[{"start":{"line":99,"column":13},"end":{"line":99,"column":39}},{"start":{"line":100,"column":14},"end":{"line":102,"column":21}}],"line":99},"21":{"loc":{"start":{"line":114,"column":4},"end":{"line":116,"column":47}},"type":"binary-expr","locations":[{"start":{"line":114,"column":4},"end":{"line":114,"column":47}},{"start":{"line":115,"column":4},"end":{"line":115,"column":47}},{"start":{"line":116,"column":4},"end":{"line":116,"column":47}}],"line":114}},"s":{"0":0,"1":0,"2":0,"3":0,"4":0,"5":0,"6":0,"7":0,"8":0,"9":0,"10":0,"11":0,"12":0},"f":{"0":0,"1":0,"2":0,"3":0,"4":0,"5":0,"6":0},"b":{"0":[0],"1":[0],"2":[0,0],"3":[0,0],"4":[0,0],"5":[0,0],"6":[0,0],"7":[0,0],"8":[0,0],"9":[0,0],"10":[0,0],"11":[0,0],"12":[0,0],"13":[0,0],"14":[0,0],"15":[0,0],"16":[0,0],"17":[0,0],"18":[0,0],"19":[0,0,0],"20":[0,0],"21":[0,0,0]}}
,"/root/yogastudio/frontend/src/components/AsanaDetailModal.js": {"path":"/root/yogastudio/frontend/src/components/AsanaDetailModal.js","statementMap":{"0":{"start":{"line":17,"column":25},"end":{"line":275,"column":1}},"1":{"start":{"line":18,"column":36},"end":{"line":18,"column":56}},"2":{"start":{"line":20,"column":2},"end":{"line":20,"column":26}},"3":{"start":{"line":20,"column":14},"end":{"line":20,"column":26}},"4":{"start":{"line":22,"column":21},"end":{"line":107,"column":3}},"5":{"start":{"line":109,"column":26},"end":{"line":157,"column":3}},"6":{"start":{"line":110,"column":4},"end":{"line":110,"column":40}},"7":{"start":{"line":110,"column":28},"end":{"line":110,"column":40}},"8":{"start":{"line":112,"column":17},"end":{"line":112,"column":31}},"9":{"start":{"line":113,"column":25},"end":{"line":126,"column":5}},"10":{"start":{"line":128,"column":4},"end":{"line":156,"column":6}},"11":{"start":{"line":143,"column":16},"end":{"line":148,"column":23}},"12":{"start":{"line":159,"column":15},"end":{"line":163,"column":3}},"13":{"start":{"line":165,"column":27},"end":{"line":176,"column":3}},"14":{"start":{"line":166,"column":4},"end":{"line":175,"column":5}},"15":{"start":{"line":168,"column":8},"end":{"line":168,"column":116}},"16":{"start":{"line":168,"column":38},"end":{"line":168,"column":114}},"17":{"start":{"line":170,"column":8},"end":{"line":170,"column":137}},"18":{"start":{"line":170,"column":38},"end":{"line":170,"column":135}},"19":{"start":{"line":172,"column":8},"end":{"line":172,"column":102}},"20":{"start":{"line":172,"column":38},"end":{"line":172,"column":100}},"21":{"start":{"line":174,"column":8},"end":{"line":174,"column":26}},"22":{"start":{"line":178,"column":2},"end":{"line":274,"column":4}},"23":{"start":{"line":230,"column":16},"end":{"line":230,"column":48}},"24":{"start":{"line":240,"column":27},"end":{"line":240,"column":35}},"25":{"start":{"line":241,"column":14},"end":{"line":254,"column":16}},"26":{"start":{"line":244,"column":33},"end":{"line":244,"column":53}},"27":{"start":{"line":262,"column":58},"end":{"line":262,"column":84}}},"fnMap":{"0":{"name":"(anonymous_0)","decl":{"start":{"line":17,"column":25},"end":{"line":17,"column":26}},"loc":{"start":{"line":17,"column":49},"end":{"line":275,"column":1}},"line":17},"1":{"name":"(anonymous_1)","decl":{"start":{"line":109,"column":26},"end":{"line":109,"column":27}},"loc":{"start":{"line":109,"column":41},"end":{"line":157,"column":3}},"line":109},"2":{"name":"(anonymous_2)","decl":{"start":{"line":142,"column":37},"end":{"line":142,"column":38}},"loc":{"start":{"line":143,"column":16},"end":{"line":148,"column":23}},"line":143},"3":{"name":"(anonymous_3)","decl":{"start":{"line":165,"column":27},"end":{"line":165,"column":28}},"loc":{"start":{"line":165,"column":38},"end":{"line":176,"column":3}},"line":165},"4":{"name":"(anonymous_4)","decl":{"start":{"line":168,"column":33},"end":{"line":168,"column":34}},"loc":{"start":{"line":168,"column":38},"end":{"line":168,"column":114}},"line":168},"5":{"name":"(anonymous_5)","decl":{"start":{"line":170,"column":33},"end":{"line":170,"column":34}},"loc":{"start":{"line":170,"column":38},"end":{"line":170,"column":135}},"line":170},"6":{"name":"(anonymous_6)","decl":{"start":{"line":172,"column":33},"end":{"line":172,"column":34}},"loc":{"start":{"line":172,"column":38},"end":{"line":172,"column":100}},"line":172},"7":{"name":"(anonymous_7)","decl":{"start":{"line":229,"column":23},"end":{"line":229,"column":24}},"loc":{"start":{"line":229,"column":30},"end":{"line":231,"column":15}},"line":229},"8":{"name":"(anonymous_8)","decl":{"start":{"line":239,"column":22},"end":{"line":239,"column":23}},"loc":{"start":{"line":239,"column":31},"end":{"line":255,"column":13}},"line":239},"9":{"name":"(anonymous_9)","decl":{"start":{"line":244,"column":27},"end":{"line":244,"column":28}},"loc":{"start":{"line":244,"column":33},"end":{"line":244,"column":53}},"line":244},"10":{"name":"(anonymous_10)","decl":{"start":{"line":262,"column":45},"end":{"line":262,"column":46}},"loc":{"start":{"line":262,"column":58},"end":{"line":262,"column":84}},"line":262}},"branchMap":{"0":{"loc":{"start":{"line":20,"column":2},"end":{"line":20,"column":26}},"type":"if","locations":[{"start":{"line":20,"column":2},"end":{"line":20,"column":26}},{"start":{},"end":{}}],"line":20},"1":{"loc":{"start":{"line":110,"column":4},"end":{"line":110,"column":40}},"type":"if","locations":[{"start":{"line":110,"column":4},"end":{"line":110,"column":40}},{"start":{},"end":{}}],"line":110},"2":{"loc":{"start":{"line":140,"column":11},"end":{"line":153,"column":11}},"type":"cond-expr","locations":[{"start":{"line":141,"column":12},"end":{"line":150,"column":18}},{"start":{"line":152,"column":12},"end":{"line":152,"column":70}}],"line":140},"3":{"loc":{"start":{"line":140,"column":11},"end":{"line":140,"column":75}},"type":"binary-expr","locations":[{"start":{"line":140,"column":11},"end":{"line":140,"column":39}},{"start":{"line":140,"column":43},"end":{"line":140,"column":75}}],"line":140},"4":{"loc":{"start":{"line":166,"column":4},"end":{"line":175,"column":5}},"type":"switch","locations":[{"start":{"line":167,"column":6},"end":{"line":168,"column":116}},{"start":{"line":169,"column":6},"end":{"line":170,"column":137}},{"start":{"line":171,"column":6},"end":{"line":172,"column":102}},{"start":{"line":173,"column":6},"end":{"line":174,"column":26}}],"line":166},"5":{"loc":{"start":{"line":187,"column":17},"end":{"line":187,"column":58}},"type":"binary-expr","locations":[{"start":{"line":187,"column":17},"end":{"line":187,"column":36}},{"start":{"line":187,"column":40},"end":{"line":187,"column":58}}],"line":187},"6":{"loc":{"start":{"line":189,"column":15},"end":{"line":193,"column":15}},"type":"binary-expr","locations":[{"start":{"line":189,"column":15},"end":{"line":189,"column":34}},{"start":{"line":190,"column":16},"end":{"line":192,"column":21}}],"line":189},"7":{"loc":{"start":{"line":204,"column":17},"end":{"line":209,"column":17}},"type":"binary-expr","locations":[{"start":{"line":204,"column":17},"end":{"line":204,"column":37}},{"start":{"line":205,"column":18},"end":{"line":208,"column":24}}],"line":204},"8":{"loc":{"start":{"line":223,"column":9},"end":{"line":234,"column":9}},"type":"binary-expr","locations":[{"start":{"line":223,"column":9},"end":{"line":223,"column":24}},{"start":{"line":224,"column":10},"end":{"line":233,"column":16}}],"line":223},"9":{"loc":{"start":{"line":227,"column":19},"end":{"line":227,"column":60}},"type":"binary-expr","locations":[{"start":{"line":227,"column":19},"end":{"line":227,"column":38}},{"start":{"line":227,"column":42},"end":{"line":227,"column":60}}],"line":227},"10":{"loc":{"start":{"line":246,"column":20},"end":{"line":248,"column":100}},"type":"cond-expr","locations":[{"start":{"line":247,"column":24},"end":{"line":247,"column":59}},{"start":{"line":248,"column":24},"end":{"line":248,"column":100}}],"line":246},"11":{"loc":{"start":{"line":265,"column":11},"end":{"line":270,"column":11}},"type":"binary-expr","locations":[{"start":{"line":265,"column":11},"end":{"line":265,"column":51}},{"start":{"line":266,"column":12},"end":{"line":269,"column":18}}],"line":265}},"s":{"0":0,"1":0,"2":0,"3":0,"4":0,"5":0,"6":0,"7":0,"8":0,"9":0,"10":0,"11":0,"12":0,"13":0,"14":0,"15":0,"16":0,"17":0,"18":0,"19":0,"20":0,"21":0,"22":0,"23":0,"24":0,"25":0,"26":0,"27":0},"f":{"0":0,"1":0,"2":0,"3":0,"4":0,"5":0,"6":0,"7":0,"8":0,"9":0,"10":0},"b":{"0":[0,0],"1":[0,0],"2":[0,0],"3":[0,0],"4":[0,0,0,0],"5":[0,0],"6":[0,0],"7":[0,0],"8":[0,0],"9":[0,0],"10":[0,0],"11":[0,0]}}
,"/root/yogastudio/frontend/src/components/AuthRequired.js": {"path":"/root/yogastudio/frontend/src/components/AuthRequired.js","statementMap":{"0":{"start":{"line":4,"column":21},"end":{"line":54,"column":1}},"1":{"start":{"line":5,"column":19},"end":{"line":5,"column":32}},"2":{"start":{"line":6,"column":19},"end":{"line":7,"column":45}},"3":{"start":{"line":9,"column":2},"end":{"line":53,"column":4}}},"fnMap":{"0":{"name":"(anonymous_0)","decl":{"start":{"line":4,"column":21},"end":{"line":4,"column":22}},"loc":{"start":{"line":4,"column":27},"end":{"line":54,"column":1}},"line":4}},"branchMap":{},"s":{"0":1,"1":6,"2":6,"3":6},"f":{"0":6},"b":{},"_coverageSchema":"1a1c01bbd47fc00a2c39e90264f33305004495a9","hash":"43fa9eedb93c08b990a6740b7356ed83c62bb20b"}
,"/root/yogastudio/frontend/src/components/ErrorBoundary.js": {"path":"/root/yogastudio/frontend/src/components/ErrorBoundary.js","statementMap":{"0":{"start":{"line":5,"column":4},"end":{"line":5,"column":17}},"1":{"start":{"line":6,"column":4},"end":{"line":6,"column":50}},"2":{"start":{"line":11,"column":4},"end":{"line":11,"column":37}},"3":{"start":{"line":16,"column":4},"end":{"line":19,"column":5}},"4":{"start":{"line":18,"column":6},"end":{"line":18,"column":72}},"5":{"start":{"line":23,"column":4},"end":{"line":51,"column":5}},"6":{"start":{"line":24,"column":6},"end":{"line":50,"column":8}},"7":{"start":{"line":35,"column":29},"end":{"line":35,"column":53}},"8":{"start":{"line":53,"column":4},"end":{"line":53,"column":31}}},"fnMap":{"0":{"name":"(anonymous_0)","decl":{"start":{"line":4,"column":2},"end":{"line":4,"column":3}},"loc":{"start":{"line":4,"column":21},"end":{"line":7,"column":3}},"line":4},"1":{"name":"(anonymous_1)","decl":{"start":{"line":9,"column":2},"end":{"line":9,"column":3}},"loc":{"start":{"line":9,"column":41},"end":{"line":12,"column":3}},"line":9},"2":{"name":"(anonymous_2)","decl":{"start":{"line":14,"column":2},"end":{"line":14,"column":3}},"loc":{"start":{"line":14,"column":38},"end":{"line":20,"column":3}},"line":14},"3":{"name":"(anonymous_3)","decl":{"start":{"line":22,"column":2},"end":{"line":22,"column":3}},"loc":{"start":{"line":22,"column":11},"end":{"line":54,"column":3}},"line":22},"4":{"name":"(anonymous_4)","decl":{"start":{"line":35,"column":23},"end":{"line":35,"column":24}},"loc":{"start":{"line":35,"column":29},"end":{"line":35,"column":53}},"line":35}},"branchMap":{"0":{"loc":{"start":{"line":16,"column":4},"end":{"line":19,"column":5}},"type":"if","locations":[{"start":{"line":16,"column":4},"end":{"line":19,"column":5}},{"start":{},"end":{}}],"line":16},"1":{"loc":{"start":{"line":23,"column":4},"end":{"line":51,"column":5}},"type":"if","locations":[{"start":{"line":23,"column":4},"end":{"line":51,"column":5}},{"start":{},"end":{}}],"line":23},"2":{"loc":{"start":{"line":40,"column":13},"end":{"line":47,"column":13}},"type":"binary-expr","locations":[{"start":{"line":40,"column":13},"end":{"line":40,"column":51}},{"start":{"line":41,"column":14},"end":{"line":46,"column":24}}],"line":40}},"s":{"0":0,"1":0,"2":0,"3":0,"4":0,"5":0,"6":0,"7":0,"8":0},"f":{"0":0,"1":0,"2":0,"3":0,"4":0},"b":{"0":[0,0],"1":[0,0],"2":[0,0]}}
,"/root/yogastudio/frontend/src/components/LoadingSpinner.js": {"path":"/root/yogastudio/frontend/src/components/LoadingSpinner.js","statementMap":{"0":{"start":{"line":3,"column":23},"end":{"line":21,"column":1}},"1":{"start":{"line":4,"column":22},"end":{"line":8,"column":3}},"2":{"start":{"line":10,"column":27},"end":{"line":12,"column":44}},"3":{"start":{"line":13,"column":2},"end":{"line":20,"column":4}}},"fnMap":{"0":{"name":"(anonymous_0)","decl":{"start":{"line":3,"column":23},"end":{"line":3,"column":24}},"loc":{"start":{"line":3,"column":90},"end":{"line":21,"column":1}},"line":3}},"branchMap":{"0":{"loc":{"start":{"line":3,"column":26},"end":{"line":3,"column":48}},"type":"default-arg","locations":[{"start":{"line":3,"column":36},"end":{"line":3,"column":48}}],"line":3},"1":{"loc":{"start":{"line":3,"column":50},"end":{"line":3,"column":64}},"type":"default-arg","locations":[{"start":{"line":3,"column":57},"end":{"line":3,"column":64}}],"line":3},"2":{"loc":{"start":{"line":3,"column":66},"end":{"line":3,"column":83}},"type":"default-arg","locations":[{"start":{"line":3,"column":79},"end":{"line":3,"column":83}}],"line":3},"3":{"loc":{"start":{"line":10,"column":27},"end":{"line":12,"column":44}},"type":"cond-expr","locations":[{"start":{"line":11,"column":6},"end":{"line":11,"column":67}},{"start":{"line":12,"column":6},"end":{"line":12,"column":44}}],"line":10}},"s":{"0":0,"1":0,"2":0,"3":0},"f":{"0":0},"b":{"0":[0],"1":[0],"2":[0],"3":[0,0]}}
,"/root/yogastudio/frontend/src/components/Navbar.js": {"path":"/root/yogastudio/frontend/src/components/Navbar.js","statementMap":{"0":{"start":{"line":12,"column":15},"end":{"line":71,"column":1}},"1":{"start":{"line":13,"column":27},"end":{"line":13,"column":36}},"2":{"start":{"line":14,"column":19},"end":{"line":14,"column":32}},"3":{"start":{"line":16,"column":19},"end":{"line":21,"column":3}},"4":{"start":{"line":23,"column":2},"end":{"line":70,"column":4}},"5":{"start":{"line":35,"column":27},"end":{"line":35,"column":36}},"6":{"start":{"line":36,"column":31},"end":{"line":36,"column":62}},"7":{"start":{"line":38,"column":14},"end":{"line":51,"column":16}}},"fnMap":{"0":{"name":"(anonymous_0)","decl":{"start":{"line":12,"column":15},"end":{"line":12,"column":16}},"loc":{"start":{"line":12,"column":21},"end":{"line":71,"column":1}},"line":12},"1":{"name":"(anonymous_1)","decl":{"start":{"line":34,"column":26},"end":{"line":34,"column":27}},"loc":{"start":{"line":34,"column":36},"end":{"line":52,"column":13}},"line":34}},"branchMap":{"0":{"loc":{"start":{"line":43,"column":20},"end":{"line":45,"column":76}},"type":"cond-expr","locations":[{"start":{"line":44,"column":24},"end":{"line":44,"column":46}},{"start":{"line":45,"column":24},"end":{"line":45,"column":76}}],"line":43},"1":{"loc":{"start":{"line":56,"column":17},"end":{"line":56,"column":42}},"type":"binary-expr","locations":[{"start":{"line":56,"column":17},"end":{"line":56,"column":27}},{"start":{"line":56,"column":31},"end":{"line":56,"column":42}}],"line":56}},"s":{"0":0,"1":0,"2":0,"3":0,"4":0,"5":0,"6":0,"7":0},"f":{"0":0,"1":0},"b":{"0":[0,0],"1":[0,0]}}
,"/root/yogastudio/frontend/src/components/RoutineSuggestion.js": {"path":"/root/yogastudio/frontend/src/components/RoutineSuggestion.js","statementMap":{"0":{"start":{"line":10,"column":26},"end":{"line":224,"column":1}},"1":{"start":{"line":11,"column":44},"end":{"line":11,"column":56}},"2":{"start":{"line":12,"column":38},"end":{"line":12,"column":58}},"3":{"start":{"line":13,"column":38},"end":{"line":13,"column":52}},"4":{"start":{"line":14,"column":32},"end":{"line":14,"column":47}},"5":{"start":{"line":16,"column":2},"end":{"line":18,"column":34}},"6":{"start":{"line":17,"column":4},"end":{"line":17,"column":22}},"7":{"start":{"line":20,"column":26},"end":{"line":35,"column":3}},"8":{"start":{"line":21,"column":4},"end":{"line":34,"column":5}},"9":{"start":{"line":22,"column":6},"end":{"line":22,"column":23}},"10":{"start":{"line":23,"column":23},"end":{"line":28,"column":8}},"11":{"start":{"line":29,"column":6},"end":{"line":29,"column":35}},"12":{"start":{"line":31,"column":6},"end":{"line":31,"column":66}},"13":{"start":{"line":33,"column":6},"end":{"line":33,"column":24}},"14":{"start":{"line":37,"column":22},"end":{"line":44,"column":3}},"15":{"start":{"line":46,"column":28},"end":{"line":50,"column":3}},"16":{"start":{"line":52,"column":2},"end":{"line":223,"column":4}},"17":{"start":{"line":72,"column":29},"end":{"line":72,"column":69}},"18":{"start":{"line":76,"column":14},"end":{"line":78,"column":23}},"19":{"start":{"line":89,"column":29},"end":{"line":89,"column":58}},"20":{"start":{"line":93,"column":14},"end":{"line":95,"column":23}},"21":{"start":{"line":175,"column":18},"end":{"line":202,"column":24}}},"fnMap":{"0":{"name":"(anonymous_0)","decl":{"start":{"line":10,"column":26},"end":{"line":10,"column":27}},"loc":{"start":{"line":10,"column":50},"end":{"line":224,"column":1}},"line":10},"1":{"name":"(anonymous_1)","decl":{"start":{"line":16,"column":12},"end":{"line":16,"column":13}},"loc":{"start":{"line":16,"column":18},"end":{"line":18,"column":3}},"line":16},"2":{"name":"(anonymous_2)","decl":{"start":{"line":20,"column":26},"end":{"line":20,"column":27}},"loc":{"start":{"line":20,"column":38},"end":{"line":35,"column":3}},"line":20},"3":{"name":"(anonymous_3)","decl":{"start":{"line":72,"column":22},"end":{"line":72,"column":23}},"loc":{"start":{"line":72,"column":29},"end":{"line":72,"column":69}},"line":72},"4":{"name":"(anonymous_4)","decl":{"start":{"line":75,"column":29},"end":{"line":75,"column":30}},"loc":{"start":{"line":76,"column":14},"end":{"line":78,"column":23}},"line":76},"5":{"name":"(anonymous_5)","decl":{"start":{"line":89,"column":22},"end":{"line":89,"column":23}},"loc":{"start":{"line":89,"column":29},"end":{"line":89,"column":58}},"line":89},"6":{"name":"(anonymous_6)","decl":{"start":{"line":92,"column":35},"end":{"line":92,"column":36}},"loc":{"start":{"line":93,"column":14},"end":{"line":95,"column":23}},"line":93},"7":{"name":"(anonymous_7)","decl":{"start":{"line":174,"column":46},"end":{"line":174,"column":47}},"loc":{"start":{"line":175,"column":18},"end":{"line":202,"column":24}},"line":175}},"branchMap":{"0":{"loc":{"start":{"line":10,"column":29},"end":{"line":10,"column":43}},"type":"default-arg","locations":[{"start":{"line":10,"column":41},"end":{"line":10,"column":43}}],"line":10},"1":{"loc":{"start":{"line":102,"column":7},"end":{"line":221,"column":7}},"type":"cond-expr","locations":[{"start":{"line":103,"column":8},"end":{"line":106,"column":14}},{"start":{"line":107,"column":10},"end":{"line":221,"column":7}}],"line":102},"2":{"loc":{"start":{"line":107,"column":10},"end":{"line":221,"column":7}},"type":"cond-expr","locations":[{"start":{"line":108,"column":8},"end":{"line":215,"column":14}},{"start":{"line":217,"column":8},"end":{"line":220,"column":14}}],"line":107},"3":{"loc":{"start":{"line":168,"column":11},"end":{"line":206,"column":11}},"type":"binary-expr","locations":[{"start":{"line":168,"column":11},"end":{"line":168,"column":35}},{"start":{"line":168,"column":39},"end":{"line":168,"column":74}},{"start":{"line":169,"column":12},"end":{"line":205,"column":18}}],"line":168},"4":{"loc":{"start":{"line":185,"column":27},"end":{"line":185,"column":66}},"type":"binary-expr","locations":[{"start":{"line":185,"column":27},"end":{"line":185,"column":45}},{"start":{"line":185,"column":49},"end":{"line":185,"column":66}}],"line":185},"5":{"loc":{"start":{"line":187,"column":25},"end":{"line":191,"column":25}},"type":"binary-expr","locations":[{"start":{"line":187,"column":25},"end":{"line":187,"column":43}},{"start":{"line":188,"column":26},"end":{"line":190,"column":32}}],"line":187}},"s":{"0":0,"1":0,"2":0,"3":0,"4":0,"5":0,"6":0,"7":0,"8":0,"9":0,"10":0,"11":0,"12":0,"13":0,"14":0,"15":0,"16":0,"17":0,"18":0,"19":0,"20":0,"21":0},"f":{"0":0,"1":0,"2":0,"3":0,"4":0,"5":0,"6":0,"7":0},"b":{"0":[0],"1":[0,0],"2":[0,0],"3":[0,0,0],"4":[0,0],"5":[0,0]}}
,"/root/yogastudio/frontend/src/hooks/useAuth.js": {"path":"/root/yogastudio/frontend/src/hooks/useAuth.js","statementMap":{"0":{"start":{"line":4,"column":20},"end":{"line":4,"column":35}},"1":{"start":{"line":6,"column":23},"end":{"line":12,"column":1}},"2":{"start":{"line":7,"column":18},"end":{"line":7,"column":41}},"3":{"start":{"line":8,"column":2},"end":{"line":10,"column":3}},"4":{"start":{"line":9,"column":4},"end":{"line":9,"column":67}},"5":{"start":{"line":11,"column":2},"end":{"line":11,"column":17}},"6":{"start":{"line":14,"column":28},"end":{"line":118,"column":1}},"7":{"start":{"line":15,"column":26},"end":{"line":15,"column":40}},"8":{"start":{"line":16,"column":32},"end":{"line":16,"column":46}},"9":{"start":{"line":19,"column":23},"end":{"line":20,"column":78}},"10":{"start":{"line":22,"column":2},"end":{"line":22,"column":40}},"11":{"start":{"line":25,"column":2},"end":{"line":25,"column":40}},"12":{"start":{"line":27,"column":2},"end":{"line":29,"column":9}},"13":{"start":{"line":28,"column":4},"end":{"line":28,"column":22}},"14":{"start":{"line":31,"column":26},"end":{"line":46,"column":3}},"15":{"start":{"line":32,"column":4},"end":{"line":45,"column":5}},"16":{"start":{"line":35,"column":23},"end":{"line":35,"column":50}},"17":{"start":{"line":36,"column":6},"end":{"line":36,"column":29}},"18":{"start":{"line":40,"column":6},"end":{"line":40,"column":39}},"19":{"start":{"line":41,"column":6},"end":{"line":41,"column":60}},"20":{"start":{"line":42,"column":6},"end":{"line":42,"column":20}},"21":{"start":{"line":44,"column":6},"end":{"line":44,"column":24}},"22":{"start":{"line":48,"column":16},"end":{"line":68,"column":3}},"23":{"start":{"line":49,"column":4},"end":{"line":67,"column":5}},"24":{"start":{"line":50,"column":23},"end":{"line":50,"column":80}},"25":{"start":{"line":51,"column":33},"end":{"line":51,"column":46}},"26":{"start":{"line":55,"column":6},"end":{"line":55,"column":24}},"27":{"start":{"line":58,"column":6},"end":{"line":58,"column":39}},"28":{"start":{"line":59,"column":6},"end":{"line":59,"column":60}},"29":{"start":{"line":61,"column":6},"end":{"line":61,"column":31}},"30":{"start":{"line":63,"column":6},"end":{"line":66,"column":8}},"31":{"start":{"line":70,"column":19},"end":{"line":89,"column":3}},"32":{"start":{"line":71,"column":4},"end":{"line":88,"column":5}},"33":{"start":{"line":72,"column":23},"end":{"line":72,"column":84}},"34":{"start":{"line":73,"column":33},"end":{"line":73,"column":46}},"35":{"start":{"line":76,"column":6},"end":{"line":76,"column":24}},"36":{"start":{"line":79,"column":6},"end":{"line":79,"column":39}},"37":{"start":{"line":80,"column":6},"end":{"line":80,"column":60}},"38":{"start":{"line":82,"column":6},"end":{"line":82,"column":31}},"39":{"start":{"line":84,"column":6},"end":{"line":87,"column":8}},"40":{"start":{"line":91,"column":17},"end":{"line":103,"column":3}},"41":{"start":{"line":92,"column":4},"end":{"line":102,"column":5}},"42":{"start":{"line":94,"column":6},"end":{"line":94,"column":39}},"43":{"start":{"line":99,"column":6},"end":{"line":99,"column":39}},"44":{"start":{"line":100,"column":6},"end":{"line":100,"column":60}},"45":{"start":{"line":101,"column":6},"end":{"line":101,"column":20}},"46":{"start":{"line":105,"column":16},"end":{"line":111,"column":3}},"47":{"start":{"line":113,"column":2},"end":{"line":117,"column":4}}},"fnMap":{"0":{"name":"(anonymous_0)","decl":{"start":{"line":6,"column":23},"end":{"line":6,"column":24}},"loc":{"start":{"line":6,"column":29},"end":{"line":12,"column":1}},"line":6},"1":{"name":"(anonymous_1)","decl":{"start":{"line":14,"column":28},"end":{"line":14,"column":29}},"loc":{"start":{"line":14,"column":46},"end":{"line":118,"column":1}},"line":14},"2":{"name":"(anonymous_2)","decl":{"start":{"line":27,"column":12},"end":{"line":27,"column":13}},"loc":{"start":{"line":27,"column":18},"end":{"line":29,"column":3}},"line":27},"3":{"name":"(anonymous_3)","decl":{"start":{"line":31,"column":26},"end":{"line":31,"column":27}},"loc":{"start":{"line":31,"column":38},"end":{"line":46,"column":3}},"line":31},"4":{"name":"(anonymous_4)","decl":{"start":{"line":48,"column":16},"end":{"line":48,"column":17}},"loc":{"start":{"line":48,"column":43},"end":{"line":68,"column":3}},"line":48},"5":{"name":"(anonymous_5)","decl":{"start":{"line":70,"column":19},"end":{"line":70,"column":20}},"loc":{"start":{"line":70,"column":52},"end":{"line":89,"column":3}},"line":70},"6":{"name":"(anonymous_6)","decl":{"start":{"line":91,"column":17},"end":{"line":91,"column":18}},"loc":{"start":{"line":91,"column":29},"end":{"line":103,"column":3}},"line":91}},"branchMap":{"0":{"loc":{"start":{"line":8,"column":2},"end":{"line":10,"column":3}},"type":"if","locations":[{"start":{"line":8,"column":2},"end":{"line":10,"column":3}},{"start":{},"end":{}}],"line":8},"1":{"loc":{"start":{"line":19,"column":23},"end":{"line":20,"column":78}},"type":"binary-expr","locations":[{"start":{"line":19,"column":23},"end":{"line":19,"column":52}},{"start":{"line":20,"column":5},"end":{"line":20,"column":77}}],"line":19},"2":{"loc":{"start":{"line":20,"column":5},"end":{"line":20,"column":77}},"type":"cond-expr","locations":[{"start":{"line":20,"column":45},"end":{"line":20,"column":51}},{"start":{"line":20,"column":54},"end":{"line":20,"column":77}}],"line":20},"3":{"loc":{"start":{"line":65,"column":15},"end":{"line":65,"column":61}},"type":"binary-expr","locations":[{"start":{"line":65,"column":15},"end":{"line":65,"column":43}},{"start":{"line":65,"column":47},"end":{"line":65,"column":61}}],"line":65},"4":{"loc":{"start":{"line":86,"column":15},"end":{"line":86,"column":68}},"type":"binary-expr","locations":[{"start":{"line":86,"column":15},"end":{"line":86,"column":43}},{"start":{"line":86,"column":47},"end":{"line":86,"column":68}}],"line":86}},"s":{"0":0,"1":0,"2":0,"3":0,"4":0,"5":0,"6":0,"7":0,"8":0,"9":0,"10":0,"11":0,"12":0,"13":0,"14":0,"15":0,"16":0,"17":0,"18":0,"19":0,"20":0,"21":0,"22":0,"23":0,"24":0,"25":0,"26":0,"27":0,"28":0,"29":0,"30":0,"31":0,"32":0,"33":0,"34":0,"35":0,"36":0,"37":0,"38":0,"39":0,"40":0,"41":0,"42":0,"43":0,"44":0,"45":0,"46":0,"47":0},"f":{"0":0,"1":0,"2":0,"3":0,"4":0,"5":0,"6":0},"b":{"0":[0,0],"1":[0,0],"2":[0,0],"3":[0,0],"4":[0,0]}}
,"/root/yogastudio/frontend/src/pages/AsanaLibrary.js": {"path":"/root/yogastudio/frontend/src/pages/AsanaLibrary.js","statementMap":{"0":{"start":{"line":14,"column":21},"end":{"line":251,"column":1}},"1":{"start":{"line":15,"column":41},"end":{"line":15,"column":50}},"2":{"start":{"line":16,"column":30},"end":{"line":16,"column":42}},"3":{"start":{"line":17,"column":46},"end":{"line":17,"column":58}},"4":{"start":{"line":18,"column":32},"end":{"line":18,"column":46}},"5":{"start":{"line":19,"column":38},"end":{"line":19,"column":50}},"6":{"start":{"line":20,"column":54},"end":{"line":20,"column":66}},"7":{"start":{"line":21,"column":40},"end":{"line":21,"column":55}},"8":{"start":{"line":22,"column":44},"end":{"line":22,"column":58}},"9":{"start":{"line":23,"column":28},"end":{"line":23,"column":42}},"10":{"start":{"line":25,"column":2},"end":{"line":29,"column":13}},"11":{"start":{"line":26,"column":4},"end":{"line":28,"column":5}},"12":{"start":{"line":27,"column":6},"end":{"line":27,"column":20}},"13":{"start":{"line":31,"column":2},"end":{"line":33,"column":47}},"14":{"start":{"line":32,"column":4},"end":{"line":32,"column":19}},"15":{"start":{"line":35,"column":22},"end":{"line":52,"column":3}},"16":{"start":{"line":36,"column":4},"end":{"line":51,"column":5}},"17":{"start":{"line":37,"column":6},"end":{"line":37,"column":23}},"18":{"start":{"line":38,"column":6},"end":{"line":38,"column":21}},"19":{"start":{"line":39,"column":23},"end":{"line":42,"column":8}},"20":{"start":{"line":40,"column":8},"end":{"line":40,"column":67}},"21":{"start":{"line":41,"column":8},"end":{"line":41,"column":28}},"22":{"start":{"line":43,"column":6},"end":{"line":43,"column":31}},"23":{"start":{"line":44,"column":6},"end":{"line":44,"column":72}},"24":{"start":{"line":46,"column":6},"end":{"line":46,"column":54}},"25":{"start":{"line":47,"column":6},"end":{"line":47,"column":84}},"26":{"start":{"line":48,"column":6},"end":{"line":48,"column":20}},"27":{"start":{"line":50,"column":6},"end":{"line":50,"column":24}},"28":{"start":{"line":54,"column":23},"end":{"line":72,"column":3}},"29":{"start":{"line":55,"column":19},"end":{"line":55,"column":30}},"30":{"start":{"line":57,"column":4},"end":{"line":63,"column":5}},"31":{"start":{"line":58,"column":6},"end":{"line":62,"column":8}},"32":{"start":{"line":59,"column":8},"end":{"line":61,"column":97}},"33":{"start":{"line":65,"column":4},"end":{"line":69,"column":5}},"34":{"start":{"line":66,"column":6},"end":{"line":68,"column":8}},"35":{"start":{"line":67,"column":8},"end":{"line":67,"column":53}},"36":{"start":{"line":71,"column":4},"end":{"line":71,"column":32}},"37":{"start":{"line":74,"column":23},"end":{"line":77,"column":3}},"38":{"start":{"line":75,"column":4},"end":{"line":75,"column":22}},"39":{"start":{"line":76,"column":4},"end":{"line":76,"column":30}},"40":{"start":{"line":80,"column":2},"end":{"line":89,"column":3}},"41":{"start":{"line":81,"column":4},"end":{"line":88,"column":6}},"42":{"start":{"line":92,"column":2},"end":{"line":94,"column":3}},"43":{"start":{"line":93,"column":4},"end":{"line":93,"column":28}},"44":{"start":{"line":97,"column":2},"end":{"line":107,"column":3}},"45":{"start":{"line":98,"column":4},"end":{"line":106,"column":6}},"46":{"start":{"line":110,"column":2},"end":{"line":134,"column":3}},"47":{"start":{"line":111,"column":4},"end":{"line":133,"column":6}},"48":{"start":{"line":126,"column":37},"end":{"line":126,"column":61}},"49":{"start":{"line":136,"column":2},"end":{"line":250,"column":4}},"50":{"start":{"line":162,"column":31},"end":{"line":162,"column":60}},"51":{"start":{"line":169,"column":27},"end":{"line":169,"column":55}},"52":{"start":{"line":187,"column":35},"end":{"line":187,"column":72}},"53":{"start":{"line":220,"column":12},"end":{"line":224,"column":14}},"54":{"start":{"line":223,"column":29},"end":{"line":223,"column":52}},"55":{"start":{"line":246,"column":25},"end":{"line":246,"column":47}}},"fnMap":{"0":{"name":"(anonymous_0)","decl":{"start":{"line":14,"column":21},"end":{"line":14,"column":22}},"loc":{"start":{"line":14,"column":27},"end":{"line":251,"column":1}},"line":14},"1":{"name":"(anonymous_1)","decl":{"start":{"line":25,"column":12},"end":{"line":25,"column":13}},"loc":{"start":{"line":25,"column":18},"end":{"line":29,"column":3}},"line":25},"2":{"name":"(anonymous_2)","decl":{"start":{"line":31,"column":12},"end":{"line":31,"column":13}},"loc":{"start":{"line":31,"column":18},"end":{"line":33,"column":3}},"line":31},"3":{"name":"(anonymous_3)","decl":{"start":{"line":35,"column":22},"end":{"line":35,"column":23}},"loc":{"start":{"line":35,"column":34},"end":{"line":52,"column":3}},"line":35},"4":{"name":"(anonymous_4)","decl":{"start":{"line":39,"column":57},"end":{"line":39,"column":58}},"loc":{"start":{"line":39,"column":64},"end":{"line":42,"column":7}},"line":39},"5":{"name":"(anonymous_5)","decl":{"start":{"line":54,"column":23},"end":{"line":54,"column":24}},"loc":{"start":{"line":54,"column":29},"end":{"line":72,"column":3}},"line":54},"6":{"name":"(anonymous_6)","decl":{"start":{"line":58,"column":33},"end":{"line":58,"column":34}},"loc":{"start":{"line":59,"column":8},"end":{"line":61,"column":97}},"line":59},"7":{"name":"(anonymous_7)","decl":{"start":{"line":66,"column":33},"end":{"line":66,"column":34}},"loc":{"start":{"line":67,"column":8},"end":{"line":67,"column":53}},"line":67},"8":{"name":"(anonymous_8)","decl":{"start":{"line":74,"column":23},"end":{"line":74,"column":24}},"loc":{"start":{"line":74,"column":29},"end":{"line":77,"column":3}},"line":74},"9":{"name":"(anonymous_9)","decl":{"start":{"line":126,"column":31},"end":{"line":126,"column":32}},"loc":{"start":{"line":126,"column":37},"end":{"line":126,"column":61}},"line":126},"10":{"name":"(anonymous_10)","decl":{"start":{"line":162,"column":24},"end":{"line":162,"column":25}},"loc":{"start":{"line":162,"column":31},"end":{"line":162,"column":60}},"line":162},"11":{"name":"(anonymous_11)","decl":{"start":{"line":169,"column":21},"end":{"line":169,"column":22}},"loc":{"start":{"line":169,"column":27},"end":{"line":169,"column":55}},"line":169},"12":{"name":"(anonymous_12)","decl":{"start":{"line":187,"column":28},"end":{"line":187,"column":29}},"loc":{"start":{"line":187,"column":35},"end":{"line":187,"column":72}},"line":187},"13":{"name":"(anonymous_13)","decl":{"start":{"line":219,"column":30},"end":{"line":219,"column":31}},"loc":{"start":{"line":220,"column":12},"end":{"line":224,"column":14}},"line":220},"14":{"name":"(anonymous_14)","decl":{"start":{"line":223,"column":23},"end":{"line":223,"column":24}},"loc":{"start":{"line":223,"column":29},"end":{"line":223,"column":52}},"line":223},"15":{"name":"(anonymous_15)","decl":{"start":{"line":246,"column":19},"end":{"line":246,"column":20}},"loc":{"start":{"line":246,"column":25},"end":{"line":246,"column":47}},"line":246}},"branchMap":{"0":{"loc":{"start":{"line":26,"column":4},"end":{"line":28,"column":5}},"type":"if","locations":[{"start":{"line":26,"column":4},"end":{"line":28,"column":5}},{"start":{},"end":{}}],"line":26},"1":{"loc":{"start":{"line":57,"column":4},"end":{"line":63,"column":5}},"type":"if","locations":[{"start":{"line":57,"column":4},"end":{"line":63,"column":5}},{"start":{},"end":{}}],"line":57},"2":{"loc":{"start":{"line":59,"column":8},"end":{"line":61,"column":97}},"type":"binary-expr","locations":[{"start":{"line":59,"column":8},"end":{"line":59,"column":75}},{"start":{"line":60,"column":9},"end":{"line":60,"column":28}},{"start":{"line":60,"column":32},"end":{"line":60,"column":100}},{"start":{"line":61,"column":9},"end":{"line":61,"column":26}},{"start":{"line":61,"column":30},"end":{"line":61,"column":96}}],"line":59},"3":{"loc":{"start":{"line":65,"column":4},"end":{"line":69,"column":5}},"type":"if","locations":[{"start":{"line":65,"column":4},"end":{"line":69,"column":5}},{"start":{},"end":{}}],"line":65},"4":{"loc":{"start":{"line":80,"column":2},"end":{"line":89,"column":3}},"type":"if","locations":[{"start":{"line":80,"column":2},"end":{"line":89,"column":3}},{"start":{},"end":{}}],"line":80},"5":{"loc":{"start":{"line":92,"column":2},"end":{"line":94,"column":3}},"type":"if","locations":[{"start":{"line":92,"column":2},"end":{"line":94,"column":3}},{"start":{},"end":{}}],"line":92},"6":{"loc":{"start":{"line":97,"column":2},"end":{"line":107,"column":3}},"type":"if","locations":[{"start":{"line":97,"column":2},"end":{"line":107,"column":3}},{"start":{},"end":{}}],"line":97},"7":{"loc":{"start":{"line":110,"column":2},"end":{"line":134,"column":3}},"type":"if","locations":[{"start":{"line":110,"column":2},"end":{"line":134,"column":3}},{"start":{},"end":{}}],"line":110},"8":{"loc":{"start":{"line":178,"column":9},"end":{"line":208,"column":9}},"type":"binary-expr","locations":[{"start":{"line":178,"column":9},"end":{"line":178,"column":20}},{"start":{"line":179,"column":10},"end":{"line":207,"column":16}}],"line":178},"9":{"loc":{"start":{"line":197,"column":15},"end":{"line":205,"column":15}},"type":"binary-expr","locations":[{"start":{"line":197,"column":16},"end":{"line":197,"column":26}},{"start":{"line":197,"column":30},"end":{"line":197,"column":48}},{"start":{"line":198,"column":16},"end":{"line":204,"column":25}}],"line":197},"10":{"loc":{"start":{"line":217,"column":7},"end":{"line":240,"column":7}},"type":"cond-expr","locations":[{"start":{"line":218,"column":8},"end":{"line":226,"column":14}},{"start":{"line":228,"column":8},"end":{"line":239,"column":14}}],"line":217},"11":{"loc":{"start":{"line":243,"column":7},"end":{"line":248,"column":7}},"type":"binary-expr","locations":[{"start":{"line":243,"column":7},"end":{"line":243,"column":20}},{"start":{"line":244,"column":8},"end":{"line":247,"column":10}}],"line":243}},"s":{"0":0,"1":0,"2":0,"3":0,"4":0,"5":0,"6":0,"7":0,"8":0,"9":0,"10":0,"11":0,"12":0,"13":0,"14":0,"15":0,"16":0,"17":0,"18":0,"19":0,"20":0,"21":0,"22":0,"23":0,"24":0,"25":0,"26":0,"27":0,"28":0,"29":0,"30":0,"31":0,"32":0,"33":0,"34":0,"35":0,"36":0,"37":0,"38":0,"39":0,"40":0,"41":0,"42":0,"43":0,"44":0,"45":0,"46":0,"47":0,"48":0,"49":0,"50":0,"51":0,"52":0,"53":0,"54":0,"55":0},"f":{"0":0,"1":0,"2":0,"3":0,"4":0,"5":0,"6":0,"7":0,"8":0,"9":0,"10":0,"11":0,"12":0,"13":0,"14":0,"15":0},"b":{"0":[0,0],"1":[0,0],"2":[0,0,0,0,0],"3":[0,0],"4":[0,0],"5":[0,0],"6":[0,0],"7":[0,0],"8":[0,0],"9":[0,0,0],"10":[0,0],"11":[0,0]}}
,"/root/yogastudio/frontend/src/pages/Dashboard.js": {"path":"/root/yogastudio/frontend/src/pages/Dashboard.js","statementMap":{"0":{"start":{"line":14,"column":18},"end":{"line":228,"column":1}},"1":{"start":{"line":15,"column":19},"end":{"line":15,"column":28}},"2":{"start":{"line":16,"column":28},"end":{"line":16,"column":42}},"3":{"start":{"line":17,"column":46},"end":{"line":17,"column":58}},"4":{"start":{"line":18,"column":32},"end":{"line":18,"column":46}},"5":{"start":{"line":19,"column":28},"end":{"line":19,"column":42}},"6":{"start":{"line":21,"column":2},"end":{"line":25,"column":13}},"7":{"start":{"line":22,"column":4},"end":{"line":24,"column":5}},"8":{"start":{"line":23,"column":6},"end":{"line":23,"column":27}},"9":{"start":{"line":27,"column":29},"end":{"line":54,"column":3}},"10":{"start":{"line":28,"column":4},"end":{"line":53,"column":5}},"11":{"start":{"line":29,"column":6},"end":{"line":29,"column":23}},"12":{"start":{"line":30,"column":6},"end":{"line":30,"column":21}},"13":{"start":{"line":32,"column":48},"end":{"line":41,"column":8}},"14":{"start":{"line":34,"column":10},"end":{"line":34,"column":49}},"15":{"start":{"line":35,"column":10},"end":{"line":35,"column":86}},"16":{"start":{"line":38,"column":10},"end":{"line":38,"column":59}},"17":{"start":{"line":39,"column":10},"end":{"line":39,"column":30}},"18":{"start":{"line":43,"column":6},"end":{"line":43,"column":35}},"19":{"start":{"line":44,"column":6},"end":{"line":44,"column":47}},"20":{"start":{"line":46,"column":6},"end":{"line":46,"column":62}},"21":{"start":{"line":47,"column":6},"end":{"line":47,"column":67}},"22":{"start":{"line":49,"column":6},"end":{"line":49,"column":75}},"23":{"start":{"line":50,"column":6},"end":{"line":50,"column":28}},"24":{"start":{"line":52,"column":6},"end":{"line":52,"column":24}},"25":{"start":{"line":56,"column":2},"end":{"line":65,"column":3}},"26":{"start":{"line":57,"column":4},"end":{"line":64,"column":6}},"27":{"start":{"line":67,"column":2},"end":{"line":227,"column":4}},"28":{"start":{"line":192,"column":16},"end":{"line":209,"column":22}}},"fnMap":{"0":{"name":"(anonymous_0)","decl":{"start":{"line":14,"column":18},"end":{"line":14,"column":19}},"loc":{"start":{"line":14,"column":24},"end":{"line":228,"column":1}},"line":14},"1":{"name":"(anonymous_1)","decl":{"start":{"line":21,"column":12},"end":{"line":21,"column":13}},"loc":{"start":{"line":21,"column":18},"end":{"line":25,"column":3}},"line":21},"2":{"name":"(anonymous_2)","decl":{"start":{"line":27,"column":29},"end":{"line":27,"column":30}},"loc":{"start":{"line":27,"column":41},"end":{"line":54,"column":3}},"line":27},"3":{"name":"(anonymous_3)","decl":{"start":{"line":33,"column":44},"end":{"line":33,"column":45}},"loc":{"start":{"line":33,"column":51},"end":{"line":36,"column":9}},"line":33},"4":{"name":"(anonymous_4)","decl":{"start":{"line":37,"column":44},"end":{"line":37,"column":45}},"loc":{"start":{"line":37,"column":51},"end":{"line":40,"column":9}},"line":37},"5":{"name":"(anonymous_5)","decl":{"start":{"line":191,"column":34},"end":{"line":191,"column":35}},"loc":{"start":{"line":192,"column":16},"end":{"line":209,"column":22}},"line":192}},"branchMap":{"0":{"loc":{"start":{"line":22,"column":4},"end":{"line":24,"column":5}},"type":"if","locations":[{"start":{"line":22,"column":4},"end":{"line":24,"column":5}},{"start":{},"end":{}}],"line":22},"1":{"loc":{"start":{"line":56,"column":2},"end":{"line":65,"column":3}},"type":"if","locations":[{"start":{"line":56,"column":2},"end":{"line":65,"column":3}},{"start":{},"end":{}}],"line":56},"2":{"loc":{"start":{"line":71,"column":9},"end":{"line":87,"column":9}},"type":"binary-expr","locations":[{"start":{"line":71,"column":9},"end":{"line":71,"column":14}},{"start":{"line":72,"column":10},"end":{"line":86,"column":16}}],"line":71},"3":{"loc":{"start":{"line":91,"column":27},"end":{"line":91,"column":47}},"type":"binary-expr","locations":[{"start":{"line":91,"column":27},"end":{"line":91,"column":37}},{"start":{"line":91,"column":41},"end":{"line":91,"column":47}}],"line":91},"4":{"loc":{"start":{"line":142,"column":15},"end":{"line":142,"column":41}},"type":"binary-expr","locations":[{"start":{"line":142,"column":15},"end":{"line":142,"column":36}},{"start":{"line":142,"column":40},"end":{"line":142,"column":41}}],"line":142},"5":{"loc":{"start":{"line":148,"column":45},"end":{"line":148,"column":71}},"type":"binary-expr","locations":[{"start":{"line":148,"column":45},"end":{"line":148,"column":66}},{"start":{"line":148,"column":70},"end":{"line":148,"column":71}}],"line":148},"6":{"loc":{"start":{"line":158,"column":15},"end":{"line":158,"column":40}},"type":"binary-expr","locations":[{"start":{"line":158,"column":15},"end":{"line":158,"column":35}},{"start":{"line":158,"column":39},"end":{"line":158,"column":40}}],"line":158},"7":{"loc":{"start":{"line":164,"column":45},"end":{"line":164,"column":70}},"type":"binary-expr","locations":[{"start":{"line":164,"column":45},"end":{"line":164,"column":65}},{"start":{"line":164,"column":69},"end":{"line":164,"column":70}}],"line":164},"8":{"loc":{"start":{"line":174,"column":15},"end":{"line":174,"column":41}},"type":"binary-expr","locations":[{"start":{"line":174,"column":15},"end":{"line":174,"column":36}},{"start":{"line":174,"column":40},"end":{"line":174,"column":41}}],"line":174},"9":{"loc":{"start":{"line":180,"column":45},"end":{"line":180,"column":71}},"type":"binary-expr","locations":[{"start":{"line":180,"column":45},"end":{"line":180,"column":66}},{"start":{"line":180,"column":70},"end":{"line":180,"column":71}}],"line":180},"10":{"loc":{"start":{"line":189,"column":11},"end":{"line":223,"column":11}},"type":"cond-expr","locations":[{"start":{"line":190,"column":12},"end":{"line":211,"column":18}},{"start":{"line":213,"column":12},"end":{"line":222,"column":18}}],"line":189},"11":{"loc":{"start":{"line":206,"column":25},"end":{"line":206,"column":48}},"type":"binary-expr","locations":[{"start":{"line":206,"column":25},"end":{"line":206,"column":39}},{"start":{"line":206,"column":43},"end":{"line":206,"column":48}}],"line":206}},"s":{"0":0,"1":0,"2":0,"3":0,"4":0,"5":0,"6":0,"7":0,"8":0,"9":0,"10":0,"11":0,"12":0,"13":0,"14":0,"15":0,"16":0,"17":0,"18":0,"19":0,"20":0,"21":0,"22":0,"23":0,"24":0,"25":0,"26":0,"27":0,"28":0},"f":{"0":0,"1":0,"2":0,"3":0,"4":0,"5":0},"b":{"0":[0,0],"1":[0,0],"2":[0,0],"3":[0,0],"4":[0,0],"5":[0,0],"6":[0,0],"7":[0,0],"8":[0,0],"9":[0,0],"10":[0,0],"11":[0,0]}}
,"/root/yogastudio/frontend/src/pages/Login.js": {"path":"/root/yogastudio/frontend/src/pages/Login.js","statementMap":{"0":{"start":{"line":5,"column":14},"end":{"line":105,"column":1}},"1":{"start":{"line":6,"column":28},"end":{"line":6,"column":40}},"2":{"start":{"line":7,"column":34},"end":{"line":7,"column":46}},"3":{"start":{"line":8,"column":28},"end":{"line":8,"column":40}},"4":{"start":{"line":9,"column":32},"end":{"line":9,"column":47}},"5":{"start":{"line":10,"column":26},"end":{"line":10,"column":35}},"6":{"start":{"line":11,"column":19},"end":{"line":11,"column":32}},"7":{"start":{"line":12,"column":19},"end":{"line":12,"column":32}},"8":{"start":{"line":15,"column":23},"end":{"line":15,"column":91}},"9":{"start":{"line":17,"column":2},"end":{"line":19,"column":3}},"10":{"start":{"line":18,"column":4},"end":{"line":18,"column":42}},"11":{"start":{"line":21,"column":23},"end":{"line":36,"column":3}},"12":{"start":{"line":22,"column":4},"end":{"line":22,"column":23}},"13":{"start":{"line":23,"column":4},"end":{"line":23,"column":21}},"14":{"start":{"line":24,"column":4},"end":{"line":24,"column":17}},"15":{"start":{"line":26,"column":19},"end":{"line":26,"column":47}},"16":{"start":{"line":28,"column":4},"end":{"line":33,"column":5}},"17":{"start":{"line":30,"column":6},"end":{"line":30,"column":29}},"18":{"start":{"line":32,"column":6},"end":{"line":32,"column":29}},"19":{"start":{"line":35,"column":4},"end":{"line":35,"column":22}},"20":{"start":{"line":38,"column":2},"end":{"line":104,"column":4}},"21":{"start":{"line":59,"column":31},"end":{"line":59,"column":55}},"22":{"start":{"line":75,"column":31},"end":{"line":75,"column":58}}},"fnMap":{"0":{"name":"(anonymous_0)","decl":{"start":{"line":5,"column":14},"end":{"line":5,"column":15}},"loc":{"start":{"line":5,"column":20},"end":{"line":105,"column":1}},"line":5},"1":{"name":"(anonymous_1)","decl":{"start":{"line":21,"column":23},"end":{"line":21,"column":24}},"loc":{"start":{"line":21,"column":36},"end":{"line":36,"column":3}},"line":21},"2":{"name":"(anonymous_2)","decl":{"start":{"line":59,"column":24},"end":{"line":59,"column":25}},"loc":{"start":{"line":59,"column":31},"end":{"line":59,"column":55}},"line":59},"3":{"name":"(anonymous_3)","decl":{"start":{"line":75,"column":24},"end":{"line":75,"column":25}},"loc":{"start":{"line":75,"column":31},"end":{"line":75,"column":58}},"line":75}},"branchMap":{"0":{"loc":{"start":{"line":15,"column":23},"end":{"line":15,"column":91}},"type":"binary-expr","locations":[{"start":{"line":15,"column":23},"end":{"line":15,"column":75}},{"start":{"line":15,"column":79},"end":{"line":15,"column":91}}],"line":15},"1":{"loc":{"start":{"line":17,"column":2},"end":{"line":19,"column":3}},"type":"if","locations":[{"start":{"line":17,"column":2},"end":{"line":19,"column":3}},{"start":{},"end":{}}],"line":17},"2":{"loc":{"start":{"line":28,"column":4},"end":{"line":33,"column":5}},"type":"if","locations":[{"start":{"line":28,"column":4},"end":{"line":33,"column":5}},{"start":{"line":31,"column":11},"end":{"line":33,"column":5}}],"line":28},"3":{"loc":{"start":{"line":79,"column":11},"end":{"line":83,"column":11}},"type":"binary-expr","locations":[{"start":{"line":79,"column":11},"end":{"line":79,"column":16}},{"start":{"line":80,"column":12},"end":{"line":82,"column":18}}],"line":79},"4":{"loc":{"start":{"line":90,"column":13},"end":{"line":90,"column":50}},"type":"cond-expr","locations":[{"start":{"line":90,"column":23},"end":{"line":90,"column":38}},{"start":{"line":90,"column":41},"end":{"line":90,"column":50}}],"line":90}},"s":{"0":0,"1":0,"2":0,"3":0,"4":0,"5":0,"6":0,"7":0,"8":0,"9":0,"10":0,"11":0,"12":0,"13":0,"14":0,"15":0,"16":0,"17":0,"18":0,"19":0,"20":0,"21":0,"22":0},"f":{"0":0,"1":0,"2":0,"3":0},"b":{"0":[0,0],"1":[0,0],"2":[0,0],"3":[0,0],"4":[0,0]}}
,"/root/yogastudio/frontend/src/pages/Onboarding.js": {"path":"/root/yogastudio/frontend/src/pages/Onboarding.js","statementMap":{"0":{"start":{"line":5,"column":14},"end":{"line":15,"column":1}},"1":{"start":{"line":17,"column":22},"end":{"line":21,"column":1}},"2":{"start":{"line":23,"column":24},"end":{"line":23,"column":40}},"3":{"start":{"line":25,"column":19},"end":{"line":225,"column":1}},"4":{"start":{"line":26,"column":26},"end":{"line":26,"column":37}},"5":{"start":{"line":27,"column":44},"end":{"line":27,"column":56}},"6":{"start":{"line":28,"column":42},"end":{"line":28,"column":54}},"7":{"start":{"line":29,"column":40},"end":{"line":29,"column":52}},"8":{"start":{"line":30,"column":46},"end":{"line":30,"column":58}},"9":{"start":{"line":31,"column":32},"end":{"line":31,"column":47}},"10":{"start":{"line":32,"column":19},"end":{"line":32,"column":32}},"11":{"start":{"line":34,"column":27},"end":{"line":40,"column":3}},"12":{"start":{"line":35,"column":4},"end":{"line":39,"column":6}},"13":{"start":{"line":36,"column":6},"end":{"line":38,"column":27}},"14":{"start":{"line":37,"column":27},"end":{"line":37,"column":39}},"15":{"start":{"line":42,"column":23},"end":{"line":58,"column":3}},"16":{"start":{"line":43,"column":4},"end":{"line":43,"column":21}},"17":{"start":{"line":44,"column":4},"end":{"line":57,"column":5}},"18":{"start":{"line":45,"column":6},"end":{"line":50,"column":9}},"19":{"start":{"line":51,"column":6},"end":{"line":51,"column":29}},"20":{"start":{"line":53,"column":6},"end":{"line":53,"column":54}},"21":{"start":{"line":54,"column":6},"end":{"line":54,"column":57}},"22":{"start":{"line":56,"column":6},"end":{"line":56,"column":24}},"23":{"start":{"line":60,"column":21},"end":{"line":160,"column":3}},"24":{"start":{"line":61,"column":4},"end":{"line":159,"column":5}},"25":{"start":{"line":63,"column":8},"end":{"line":87,"column":10}},"26":{"start":{"line":71,"column":16},"end":{"line":83,"column":25}},"27":{"start":{"line":73,"column":33},"end":{"line":73,"column":58}},"28":{"start":{"line":90,"column":8},"end":{"line":113,"column":10}},"29":{"start":{"line":98,"column":16},"end":{"line":109,"column":25}},"30":{"start":{"line":100,"column":33},"end":{"line":100,"column":58}},"31":{"start":{"line":116,"column":8},"end":{"line":129,"column":10}},"32":{"start":{"line":124,"column":31},"end":{"line":124,"column":61}},"33":{"start":{"line":132,"column":8},"end":{"line":155,"column":10}},"34":{"start":{"line":140,"column":16},"end":{"line":151,"column":25}},"35":{"start":{"line":142,"column":33},"end":{"line":142,"column":56}},"36":{"start":{"line":158,"column":8},"end":{"line":158,"column":20}},"37":{"start":{"line":162,"column":21},"end":{"line":170,"column":3}},"38":{"start":{"line":163,"column":4},"end":{"line":169,"column":5}},"39":{"start":{"line":164,"column":14},"end":{"line":164,"column":46}},"40":{"start":{"line":165,"column":14},"end":{"line":165,"column":41}},"41":{"start":{"line":166,"column":14},"end":{"line":166,"column":26}},"42":{"start":{"line":167,"column":14},"end":{"line":167,"column":40}},"43":{"start":{"line":168,"column":15},"end":{"line":168,"column":28}},"44":{"start":{"line":172,"column":2},"end":{"line":224,"column":4}},"45":{"start":{"line":197,"column":27},"end":{"line":197,"column":44}},"46":{"start":{"line":214,"column":29},"end":{"line":214,"column":46}}},"fnMap":{"0":{"name":"(anonymous_0)","decl":{"start":{"line":25,"column":19},"end":{"line":25,"column":20}},"loc":{"start":{"line":25,"column":25},"end":{"line":225,"column":1}},"line":25},"1":{"name":"(anonymous_1)","decl":{"start":{"line":34,"column":27},"end":{"line":34,"column":28}},"loc":{"start":{"line":34,"column":39},"end":{"line":40,"column":3}},"line":34},"2":{"name":"(anonymous_2)","decl":{"start":{"line":35,"column":21},"end":{"line":35,"column":22}},"loc":{"start":{"line":36,"column":6},"end":{"line":38,"column":27}},"line":36},"3":{"name":"(anonymous_3)","decl":{"start":{"line":37,"column":22},"end":{"line":37,"column":23}},"loc":{"start":{"line":37,"column":27},"end":{"line":37,"column":39}},"line":37},"4":{"name":"(anonymous_4)","decl":{"start":{"line":42,"column":23},"end":{"line":42,"column":24}},"loc":{"start":{"line":42,"column":35},"end":{"line":58,"column":3}},"line":42},"5":{"name":"(anonymous_5)","decl":{"start":{"line":60,"column":21},"end":{"line":60,"column":22}},"loc":{"start":{"line":60,"column":27},"end":{"line":160,"column":3}},"line":60},"6":{"name":"(anonymous_6)","decl":{"start":{"line":70,"column":25},"end":{"line":70,"column":26}},"loc":{"start":{"line":71,"column":16},"end":{"line":83,"column":25}},"line":71},"7":{"name":"(anonymous_7)","decl":{"start":{"line":73,"column":27},"end":{"line":73,"column":28}},"loc":{"start":{"line":73,"column":33},"end":{"line":73,"column":58}},"line":73},"8":{"name":"(anonymous_8)","decl":{"start":{"line":97,"column":33},"end":{"line":97,"column":34}},"loc":{"start":{"line":98,"column":16},"end":{"line":109,"column":25}},"line":98},"9":{"name":"(anonymous_9)","decl":{"start":{"line":100,"column":27},"end":{"line":100,"column":28}},"loc":{"start":{"line":100,"column":33},"end":{"line":100,"column":58}},"line":100},"10":{"name":"(anonymous_10)","decl":{"start":{"line":124,"column":24},"end":{"line":124,"column":25}},"loc":{"start":{"line":124,"column":31},"end":{"line":124,"column":61}},"line":124},"11":{"name":"(anonymous_11)","decl":{"start":{"line":139,"column":35},"end":{"line":139,"column":36}},"loc":{"start":{"line":140,"column":16},"end":{"line":151,"column":25}},"line":140},"12":{"name":"(anonymous_12)","decl":{"start":{"line":142,"column":27},"end":{"line":142,"column":28}},"loc":{"start":{"line":142,"column":33},"end":{"line":142,"column":56}},"line":142},"13":{"name":"(anonymous_13)","decl":{"start":{"line":162,"column":21},"end":{"line":162,"column":22}},"loc":{"start":{"line":162,"column":27},"end":{"line":170,"column":3}},"line":162},"14":{"name":"(anonymous_14)","decl":{"start":{"line":197,"column":21},"end":{"line":197,"column":22}},"loc":{"start":{"line":197,"column":27},"end":{"line":197,"column":44}},"line":197},"15":{"name":"(anonymous_15)","decl":{"start":{"line":214,"column":23},"end":{"line":214,"column":24}},"loc":{"start":{"line":214,"column":29},"end":{"line":214,"column":46}},"line":214}},"branchMap":{"0":{"loc":{"start":{"line":36,"column":6},"end":{"line":38,"column":27}},"type":"cond-expr","locations":[{"start":{"line":37,"column":10},"end":{"line":37,"column":40}},{"start":{"line":38,"column":10},"end":{"line":38,"column":27}}],"line":36},"1":{"loc":{"start":{"line":61,"column":4},"end":{"line":159,"column":5}},"type":"switch","locations":[{"start":{"line":62,"column":6},"end":{"line":87,"column":10}},{"start":{"line":89,"column":6},"end":{"line":113,"column":10}},{"start":{"line":115,"column":6},"end":{"line":129,"column":10}},{"start":{"line":131,"column":6},"end":{"line":155,"column":10}},{"start":{"line":157,"column":6},"end":{"line":158,"column":20}}],"line":61},"2":{"loc":{"start":{"line":75,"column":20},"end":{"line":77,"column":64}},"type":"cond-expr","locations":[{"start":{"line":76,"column":24},"end":{"line":76,"column":52}},{"start":{"line":77,"column":24},"end":{"line":77,"column":64}}],"line":75},"3":{"loc":{"start":{"line":102,"column":20},"end":{"line":104,"column":64}},"type":"cond-expr","locations":[{"start":{"line":103,"column":24},"end":{"line":103,"column":52}},{"start":{"line":104,"column":24},"end":{"line":104,"column":64}}],"line":102},"4":{"loc":{"start":{"line":144,"column":20},"end":{"line":146,"column":64}},"type":"cond-expr","locations":[{"start":{"line":145,"column":24},"end":{"line":145,"column":52}},{"start":{"line":146,"column":24},"end":{"line":146,"column":64}}],"line":144},"5":{"loc":{"start":{"line":163,"column":4},"end":{"line":169,"column":5}},"type":"switch","locations":[{"start":{"line":164,"column":6},"end":{"line":164,"column":46}},{"start":{"line":165,"column":6},"end":{"line":165,"column":41}},{"start":{"line":166,"column":6},"end":{"line":166,"column":26}},{"start":{"line":167,"column":6},"end":{"line":167,"column":40}},{"start":{"line":168,"column":6},"end":{"line":168,"column":28}}],"line":163},"6":{"loc":{"start":{"line":204,"column":11},"end":{"line":220,"column":11}},"type":"cond-expr","locations":[{"start":{"line":205,"column":12},"end":{"line":211,"column":21}},{"start":{"line":213,"column":12},"end":{"line":219,"column":21}}],"line":204},"7":{"loc":{"start":{"line":207,"column":24},"end":{"line":207,"column":48}},"type":"binary-expr","locations":[{"start":{"line":207,"column":24},"end":{"line":207,"column":37}},{"start":{"line":207,"column":41},"end":{"line":207,"column":48}}],"line":207},"8":{"loc":{"start":{"line":210,"column":15},"end":{"line":210,"column":55}},"type":"cond-expr","locations":[{"start":{"line":210,"column":25},"end":{"line":210,"column":36}},{"start":{"line":210,"column":39},"end":{"line":210,"column":55}}],"line":210}},"s":{"0":0,"1":0,"2":0,"3":0,"4":0,"5":0,"6":0,"7":0,"8":0,"9":0,"10":0,"11":0,"12":0,"13":0,"14":0,"15":0,"16":0,"17":0,"18":0,"19":0,"20":0,"21":0,"22":0,"23":0,"24":0,"25":0,"26":0,"27":0,"28":0,"29":0,"30":0,"31":0,"32":0,"33":0,"34":0,"35":0,"36":0,"37":0,"38":0,"39":0,"40":0,"41":0,"42":0,"43":0,"44":0,"45":0,"46":0},"f":{"0":0,"1":0,"2":0,"3":0,"4":0,"5":0,"6":0,"7":0,"8":0,"9":0,"10":0,"11":0,"12":0,"13":0,"14":0,"15":0},"b":{"0":[0,0],"1":[0,0,0,0,0],"2":[0,0],"3":[0,0],"4":[0,0],"5":[0,0,0,0,0],"6":[0,0],"7":[0,0],"8":[0,0]}}
,"/root/yogastudio/frontend/src/pages/Practice.js": {"path":"/root/yogastudio/frontend/src/pages/Practice.js","statementMap":{"0":{"start":{"line":14,"column":17},"end":{"line":311,"column":1}},"1":{"start":{"line":15,"column":41},"end":{"line":15,"column":50}},"2":{"start":{"line":16,"column":32},"end":{"line":16,"column":46}},"3":{"start":{"line":17,"column":40},"end":{"line":17,"column":51}},"4":{"start":{"line":18,"column":36},"end":{"line":18,"column":51}},"5":{"start":{"line":19,"column":44},"end":{"line":19,"column":55}},"6":{"start":{"line":20,"column":48},"end":{"line":20,"column":63}},"7":{"start":{"line":21,"column":32},"end":{"line":21,"column":46}},"8":{"start":{"line":22,"column":19},"end":{"line":22,"column":32}},"9":{"start":{"line":24,"column":2},"end":{"line":26,"column":9}},"10":{"start":{"line":25,"column":4},"end":{"line":25,"column":22}},"11":{"start":{"line":28,"column":2},"end":{"line":42,"column":33}},"12":{"start":{"line":30,"column":4},"end":{"line":40,"column":5}},"13":{"start":{"line":31,"column":6},"end":{"line":39,"column":15}},"14":{"start":{"line":32,"column":8},"end":{"line":38,"column":11}},"15":{"start":{"line":33,"column":10},"end":{"line":36,"column":11}},"16":{"start":{"line":34,"column":12},"end":{"line":34,"column":29}},"17":{"start":{"line":35,"column":12},"end":{"line":35,"column":21}},"18":{"start":{"line":37,"column":10},"end":{"line":37,"column":26}},"19":{"start":{"line":41,"column":4},"end":{"line":41,"column":41}},"20":{"start":{"line":41,"column":17},"end":{"line":41,"column":40}},"21":{"start":{"line":44,"column":26},"end":{"line":56,"column":3}},"22":{"start":{"line":45,"column":4},"end":{"line":55,"column":5}},"23":{"start":{"line":46,"column":23},"end":{"line":46,"column":61}},"24":{"start":{"line":47,"column":6},"end":{"line":47,"column":32}},"25":{"start":{"line":48,"column":6},"end":{"line":50,"column":7}},"26":{"start":{"line":49,"column":8},"end":{"line":49,"column":64}},"27":{"start":{"line":52,"column":6},"end":{"line":52,"column":58}},"28":{"start":{"line":54,"column":6},"end":{"line":54,"column":24}},"29":{"start":{"line":58,"column":25},"end":{"line":66,"column":3}},"30":{"start":{"line":59,"column":4},"end":{"line":65,"column":5}},"31":{"start":{"line":60,"column":23},"end":{"line":60,"column":38}},"32":{"start":{"line":61,"column":6},"end":{"line":61,"column":31}},"33":{"start":{"line":62,"column":6},"end":{"line":62,"column":63}},"34":{"start":{"line":64,"column":6},"end":{"line":64,"column":24}},"35":{"start":{"line":68,"column":29},"end":{"line":75,"column":3}},"36":{"start":{"line":69,"column":4},"end":{"line":74,"column":5}},"37":{"start":{"line":70,"column":23},"end":{"line":70,"column":38}},"38":{"start":{"line":71,"column":6},"end":{"line":71,"column":31}},"39":{"start":{"line":72,"column":6},"end":{"line":72,"column":63}},"40":{"start":{"line":73,"column":6},"end":{"line":73,"column":26}},"41":{"start":{"line":77,"column":26},"end":{"line":88,"column":3}},"42":{"start":{"line":78,"column":4},"end":{"line":87,"column":5}},"43":{"start":{"line":79,"column":6},"end":{"line":82,"column":9}},"44":{"start":{"line":83,"column":6},"end":{"line":83,"column":31}},"45":{"start":{"line":84,"column":6},"end":{"line":84,"column":26}},"46":{"start":{"line":86,"column":6},"end":{"line":86,"column":54}},"47":{"start":{"line":90,"column":21},"end":{"line":94,"column":3}},"48":{"start":{"line":91,"column":17},"end":{"line":91,"column":41}},"49":{"start":{"line":92,"column":17},"end":{"line":92,"column":29}},"50":{"start":{"line":93,"column":4},"end":{"line":93,"column":57}},"51":{"start":{"line":97,"column":2},"end":{"line":106,"column":3}},"52":{"start":{"line":98,"column":4},"end":{"line":105,"column":6}},"53":{"start":{"line":109,"column":2},"end":{"line":111,"column":3}},"54":{"start":{"line":110,"column":4},"end":{"line":110,"column":28}},"55":{"start":{"line":113,"column":2},"end":{"line":123,"column":3}},"56":{"start":{"line":114,"column":4},"end":{"line":122,"column":6}},"57":{"start":{"line":125,"column":2},"end":{"line":155,"column":3}},"58":{"start":{"line":126,"column":4},"end":{"line":154,"column":6}},"59":{"start":{"line":139,"column":31},"end":{"line":139,"column":53}},"60":{"start":{"line":145,"column":31},"end":{"line":145,"column":55}},"61":{"start":{"line":157,"column":2},"end":{"line":168,"column":3}},"62":{"start":{"line":158,"column":4},"end":{"line":167,"column":6}},"63":{"start":{"line":170,"column":26},"end":{"line":170,"column":52}},"64":{"start":{"line":172,"column":2},"end":{"line":310,"column":4}},"65":{"start":{"line":204,"column":20},"end":{"line":204,"column":52}},"66":{"start":{"line":205,"column":20},"end":{"line":205,"column":65}},"67":{"start":{"line":230,"column":33},"end":{"line":230,"column":57}}},"fnMap":{"0":{"name":"(anonymous_0)","decl":{"start":{"line":14,"column":17},"end":{"line":14,"column":18}},"loc":{"start":{"line":14,"column":23},"end":{"line":311,"column":1}},"line":14},"1":{"name":"(anonymous_1)","decl":{"start":{"line":24,"column":12},"end":{"line":24,"column":13}},"loc":{"start":{"line":24,"column":18},"end":{"line":26,"column":3}},"line":24},"2":{"name":"(anonymous_2)","decl":{"start":{"line":28,"column":12},"end":{"line":28,"column":13}},"loc":{"start":{"line":28,"column":18},"end":{"line":42,"column":3}},"line":28},"3":{"name":"(anonymous_3)","decl":{"start":{"line":31,"column":29},"end":{"line":31,"column":30}},"loc":{"start":{"line":31,"column":35},"end":{"line":39,"column":7}},"line":31},"4":{"name":"(anonymous_4)","decl":{"start":{"line":32,"column":25},"end":{"line":32,"column":26}},"loc":{"start":{"line":32,"column":33},"end":{"line":38,"column":9}},"line":32},"5":{"name":"(anonymous_5)","decl":{"start":{"line":41,"column":11},"end":{"line":41,"column":12}},"loc":{"start":{"line":41,"column":17},"end":{"line":41,"column":40}},"line":41},"6":{"name":"(anonymous_6)","decl":{"start":{"line":44,"column":26},"end":{"line":44,"column":27}},"loc":{"start":{"line":44,"column":38},"end":{"line":56,"column":3}},"line":44},"7":{"name":"(anonymous_7)","decl":{"start":{"line":58,"column":25},"end":{"line":58,"column":26}},"loc":{"start":{"line":58,"column":31},"end":{"line":66,"column":3}},"line":58},"8":{"name":"(anonymous_8)","decl":{"start":{"line":68,"column":29},"end":{"line":68,"column":30}},"loc":{"start":{"line":68,"column":35},"end":{"line":75,"column":3}},"line":68},"9":{"name":"(anonymous_9)","decl":{"start":{"line":77,"column":26},"end":{"line":77,"column":27}},"loc":{"start":{"line":77,"column":38},"end":{"line":88,"column":3}},"line":77},"10":{"name":"(anonymous_10)","decl":{"start":{"line":90,"column":21},"end":{"line":90,"column":22}},"loc":{"start":{"line":90,"column":34},"end":{"line":94,"column":3}},"line":90},"11":{"name":"(anonymous_11)","decl":{"start":{"line":139,"column":25},"end":{"line":139,"column":26}},"loc":{"start":{"line":139,"column":31},"end":{"line":139,"column":53}},"line":139},"12":{"name":"(anonymous_12)","decl":{"start":{"line":145,"column":25},"end":{"line":145,"column":26}},"loc":{"start":{"line":145,"column":31},"end":{"line":145,"column":55}},"line":145},"13":{"name":"(anonymous_13)","decl":{"start":{"line":203,"column":27},"end":{"line":203,"column":28}},"loc":{"start":{"line":203,"column":34},"end":{"line":206,"column":19}},"line":203},"14":{"name":"(anonymous_14)","decl":{"start":{"line":230,"column":27},"end":{"line":230,"column":28}},"loc":{"start":{"line":230,"column":33},"end":{"line":230,"column":57}},"line":230}},"branchMap":{"0":{"loc":{"start":{"line":30,"column":4},"end":{"line":40,"column":5}},"type":"if","locations":[{"start":{"line":30,"column":4},"end":{"line":40,"column":5}},{"start":{},"end":{}}],"line":30},"1":{"loc":{"start":{"line":30,"column":8},"end":{"line":30,"column":38}},"type":"binary-expr","locations":[{"start":{"line":30,"column":8},"end":{"line":30,"column":17}},{"start":{"line":30,"column":21},"end":{"line":30,"column":38}}],"line":30},"2":{"loc":{"start":{"line":33,"column":10},"end":{"line":36,"column":11}},"type":"if","locations":[{"start":{"line":33,"column":10},"end":{"line":36,"column":11}},{"start":{},"end":{}}],"line":33},"3":{"loc":{"start":{"line":48,"column":6},"end":{"line":50,"column":7}},"type":"if","locations":[{"start":{"line":48,"column":6},"end":{"line":50,"column":7}},{"start":{},"end":{}}],"line":48},"4":{"loc":{"start":{"line":48,"column":10},"end":{"line":48,"column":63}},"type":"binary-expr","locations":[{"start":{"line":48,"column":10},"end":{"line":48,"column":29}},{"start":{"line":48,"column":33},"end":{"line":48,"column":63}}],"line":48},"5":{"loc":{"start":{"line":49,"column":25},"end":{"line":49,"column":62}},"type":"binary-expr","locations":[{"start":{"line":49,"column":25},"end":{"line":49,"column":56}},{"start":{"line":49,"column":60},"end":{"line":49,"column":62}}],"line":49},"6":{"loc":{"start":{"line":59,"column":4},"end":{"line":65,"column":5}},"type":"if","locations":[{"start":{"line":59,"column":4},"end":{"line":65,"column":5}},{"start":{"line":63,"column":11},"end":{"line":65,"column":5}}],"line":59},"7":{"loc":{"start":{"line":62,"column":23},"end":{"line":62,"column":61}},"type":"binary-expr","locations":[{"start":{"line":62,"column":23},"end":{"line":62,"column":55}},{"start":{"line":62,"column":59},"end":{"line":62,"column":61}}],"line":62},"8":{"loc":{"start":{"line":69,"column":4},"end":{"line":74,"column":5}},"type":"if","locations":[{"start":{"line":69,"column":4},"end":{"line":74,"column":5}},{"start":{},"end":{}}],"line":69},"9":{"loc":{"start":{"line":72,"column":23},"end":{"line":72,"column":61}},"type":"binary-expr","locations":[{"start":{"line":72,"column":23},"end":{"line":72,"column":55}},{"start":{"line":72,"column":59},"end":{"line":72,"column":61}}],"line":72},"10":{"loc":{"start":{"line":97,"column":2},"end":{"line":106,"column":3}},"type":"if","locations":[{"start":{"line":97,"column":2},"end":{"line":106,"column":3}},{"start":{},"end":{}}],"line":97},"11":{"loc":{"start":{"line":109,"column":2},"end":{"line":111,"column":3}},"type":"if","locations":[{"start":{"line":109,"column":2},"end":{"line":111,"column":3}},{"start":{},"end":{}}],"line":109},"12":{"loc":{"start":{"line":113,"column":2},"end":{"line":123,"column":3}},"type":"if","locations":[{"start":{"line":113,"column":2},"end":{"line":123,"column":3}},{"start":{},"end":{}}],"line":113},"13":{"loc":{"start":{"line":125,"column":2},"end":{"line":155,"column":3}},"type":"if","locations":[{"start":{"line":125,"column":2},"end":{"line":155,"column":3}},{"start":{},"end":{}}],"line":125},"14":{"loc":{"start":{"line":157,"column":2},"end":{"line":168,"column":3}},"type":"if","locations":[{"start":{"line":157,"column":2},"end":{"line":168,"column":3}},{"start":{},"end":{}}],"line":157},"15":{"loc":{"start":{"line":157,"column":6},"end":{"line":157,"column":62}},"type":"binary-expr","locations":[{"start":{"line":157,"column":6},"end":{"line":157,"column":14}},{"start":{"line":157,"column":18},"end":{"line":157,"column":32}},{"start":{"line":157,"column":36},"end":{"line":157,"column":62}}],"line":157},"16":{"loc":{"start":{"line":198,"column":15},"end":{"line":208,"column":22}},"type":"cond-expr","locations":[{"start":{"line":199,"column":16},"end":{"line":207,"column":18}},{"start":{"line":208,"column":18},"end":{"line":208,"column":22}}],"line":198},"17":{"loc":{"start":{"line":209,"column":61},"end":{"line":209,"column":105}},"type":"cond-expr","locations":[{"start":{"line":209,"column":89},"end":{"line":209,"column":95}},{"start":{"line":209,"column":98},"end":{"line":209,"column":105}}],"line":209},"18":{"loc":{"start":{"line":233,"column":19},"end":{"line":233,"column":99}},"type":"cond-expr","locations":[{"start":{"line":233,"column":31},"end":{"line":233,"column":64}},{"start":{"line":233,"column":67},"end":{"line":233,"column":99}}],"line":233},"19":{"loc":{"start":{"line":252,"column":13},"end":{"line":256,"column":13}},"type":"binary-expr","locations":[{"start":{"line":252,"column":13},"end":{"line":252,"column":42}},{"start":{"line":253,"column":14},"end":{"line":255,"column":18}}],"line":252},"20":{"loc":{"start":{"line":262,"column":19},"end":{"line":264,"column":72}},"type":"binary-expr","locations":[{"start":{"line":262,"column":19},"end":{"line":262,"column":57}},{"start":{"line":263,"column":19},"end":{"line":263,"column":46}},{"start":{"line":264,"column":19},"end":{"line":264,"column":72}}],"line":262},"21":{"loc":{"start":{"line":268,"column":15},"end":{"line":275,"column":15}},"type":"binary-expr","locations":[{"start":{"line":268,"column":15},"end":{"line":268,"column":45}},{"start":{"line":269,"column":16},"end":{"line":274,"column":22}}],"line":268},"22":{"loc":{"start":{"line":277,"column":15},"end":{"line":284,"column":15}},"type":"binary-expr","locations":[{"start":{"line":277,"column":15},"end":{"line":277,"column":48}},{"start":{"line":278,"column":16},"end":{"line":283,"column":22}}],"line":277},"23":{"loc":{"start":{"line":286,"column":15},"end":{"line":293,"column":15}},"type":"binary-expr","locations":[{"start":{"line":286,"column":15},"end":{"line":286,"column":39}},{"start":{"line":287,"column":16},"end":{"line":292,"column":22}}],"line":286}},"s":{"0":0,"1":0,"2":0,"3":0,"4":0,"5":0,"6":0,"7":0,"8":0,"9":0,"10":0,"11":0,"12":0,"13":0,"14":0,"15":0,"16":0,"17":0,"18":0,"19":0,"20":0,"21":0,"22":0,"23":0,"24":0,"25":0,"26":0,"27":0,"28":0,"29":0,"30":0,"31":0,"32":0,"33":0,"34":0,"35":0,"36":0,"37":0,"38":0,"39":0,"40":0,"41":0,"42":0,"43":0,"44":0,"45":0,"46":0,"47":0,"48":0,"49":0,"50":0,"51":0,"52":0,"53":0,"54":0,"55":0,"56":0,"57":0,"58":0,"59":0,"60":0,"61":0,"62":0,"63":0,"64":0,"65":0,"66":0,"67":0},"f":{"0":0,"1":0,"2":0,"3":0,"4":0,"5":0,"6":0,"7":0,"8":0,"9":0,"10":0,"11":0,"12":0,"13":0,"14":0},"b":{"0":[0,0],"1":[0,0],"2":[0,0],"3":[0,0],"4":[0,0],"5":[0,0],"6":[0,0],"7":[0,0],"8":[0,0],"9":[0,0],"10":[0,0],"11":[0,0],"12":[0,0],"13":[0,0],"14":[0,0],"15":[0,0,0],"16":[0,0],"17":[0,0],"18":[0,0],"19":[0,0],"20":[0,0,0],"21":[0,0],"22":[0,0],"23":[0,0]}}
,"/root/yogastudio/frontend/src/pages/Profile.js": {"path":"/root/yogastudio/frontend/src/pages/Profile.js","statementMap":{"0":{"start":{"line":5,"column":16},"end":{"line":173,"column":1}},"1":{"start":{"line":6,"column":19},"end":{"line":6,"column":28}},"2":{"start":{"line":7,"column":32},"end":{"line":7,"column":46}},"3":{"start":{"line":8,"column":32},"end":{"line":8,"column":47}},"4":{"start":{"line":9,"column":32},"end":{"line":9,"column":46}},"5":{"start":{"line":11,"column":2},"end":{"line":13,"column":9}},"6":{"start":{"line":12,"column":4},"end":{"line":12,"column":19}},"7":{"start":{"line":15,"column":23},"end":{"line":28,"column":3}},"8":{"start":{"line":16,"column":4},"end":{"line":27,"column":5}},"9":{"start":{"line":17,"column":23},"end":{"line":17,"column":55}},"10":{"start":{"line":18,"column":6},"end":{"line":18,"column":32}},"11":{"start":{"line":20,"column":6},"end":{"line":20,"column":55}},"12":{"start":{"line":21,"column":6},"end":{"line":24,"column":7}},"13":{"start":{"line":23,"column":8},"end":{"line":23,"column":25}},"14":{"start":{"line":26,"column":6},"end":{"line":26,"column":24}},"15":{"start":{"line":30,"column":22},"end":{"line":38,"column":3}},"16":{"start":{"line":31,"column":4},"end":{"line":37,"column":5}},"17":{"start":{"line":32,"column":6},"end":{"line":32,"column":48}},"18":{"start":{"line":33,"column":6},"end":{"line":33,"column":24}},"19":{"start":{"line":35,"column":6},"end":{"line":35,"column":54}},"20":{"start":{"line":36,"column":6},"end":{"line":36,"column":38}},"21":{"start":{"line":40,"column":2},"end":{"line":46,"column":3}},"22":{"start":{"line":41,"column":4},"end":{"line":45,"column":6}},"23":{"start":{"line":48,"column":2},"end":{"line":172,"column":4}},"24":{"start":{"line":73,"column":29},"end":{"line":73,"column":71}},"25":{"start":{"line":87,"column":37},"end":{"line":90,"column":22}},"26":{"start":{"line":89,"column":68},"end":{"line":89,"column":76}},"27":{"start":{"line":103,"column":37},"end":{"line":103,"column":92}},"28":{"start":{"line":120,"column":37},"end":{"line":120,"column":104}},"29":{"start":{"line":138,"column":37},"end":{"line":138,"column":99}}},"fnMap":{"0":{"name":"(anonymous_0)","decl":{"start":{"line":5,"column":16},"end":{"line":5,"column":17}},"loc":{"start":{"line":5,"column":22},"end":{"line":173,"column":1}},"line":5},"1":{"name":"(anonymous_1)","decl":{"start":{"line":11,"column":12},"end":{"line":11,"column":13}},"loc":{"start":{"line":11,"column":18},"end":{"line":13,"column":3}},"line":11},"2":{"name":"(anonymous_2)","decl":{"start":{"line":15,"column":23},"end":{"line":15,"column":24}},"loc":{"start":{"line":15,"column":35},"end":{"line":28,"column":3}},"line":15},"3":{"name":"(anonymous_3)","decl":{"start":{"line":30,"column":22},"end":{"line":30,"column":23}},"loc":{"start":{"line":30,"column":34},"end":{"line":38,"column":3}},"line":30},"4":{"name":"(anonymous_4)","decl":{"start":{"line":73,"column":23},"end":{"line":73,"column":24}},"loc":{"start":{"line":73,"column":29},"end":{"line":73,"column":71}},"line":73},"5":{"name":"(anonymous_5)","decl":{"start":{"line":87,"column":30},"end":{"line":87,"column":31}},"loc":{"start":{"line":87,"column":37},"end":{"line":90,"column":22}},"line":87},"6":{"name":"(anonymous_6)","decl":{"start":{"line":89,"column":63},"end":{"line":89,"column":64}},"loc":{"start":{"line":89,"column":68},"end":{"line":89,"column":76}},"line":89},"7":{"name":"(anonymous_7)","decl":{"start":{"line":103,"column":30},"end":{"line":103,"column":31}},"loc":{"start":{"line":103,"column":37},"end":{"line":103,"column":92}},"line":103},"8":{"name":"(anonymous_8)","decl":{"start":{"line":120,"column":30},"end":{"line":120,"column":31}},"loc":{"start":{"line":120,"column":37},"end":{"line":120,"column":104}},"line":120},"9":{"name":"(anonymous_9)","decl":{"start":{"line":138,"column":30},"end":{"line":138,"column":31}},"loc":{"start":{"line":138,"column":37},"end":{"line":138,"column":99}},"line":138}},"branchMap":{"0":{"loc":{"start":{"line":21,"column":6},"end":{"line":24,"column":7}},"type":"if","locations":[{"start":{"line":21,"column":6},"end":{"line":24,"column":7}},{"start":{},"end":{}}],"line":21},"1":{"loc":{"start":{"line":40,"column":2},"end":{"line":46,"column":3}},"type":"if","locations":[{"start":{"line":40,"column":2},"end":{"line":46,"column":3}},{"start":{},"end":{}}],"line":40},"2":{"loc":{"start":{"line":73,"column":29},"end":{"line":73,"column":71}},"type":"cond-expr","locations":[{"start":{"line":73,"column":39},"end":{"line":73,"column":52}},{"start":{"line":73,"column":55},"end":{"line":73,"column":71}}],"line":73},"3":{"loc":{"start":{"line":76,"column":15},"end":{"line":76,"column":40}},"type":"cond-expr","locations":[{"start":{"line":76,"column":25},"end":{"line":76,"column":31}},{"start":{"line":76,"column":34},"end":{"line":76,"column":40}}],"line":76},"4":{"loc":{"start":{"line":80,"column":11},"end":{"line":149,"column":11}},"type":"cond-expr","locations":[{"start":{"line":81,"column":12},"end":{"line":146,"column":18}},{"start":{"line":148,"column":12},"end":{"line":148,"column":109}}],"line":80},"5":{"loc":{"start":{"line":84,"column":17},"end":{"line":95,"column":17}},"type":"cond-expr","locations":[{"start":{"line":85,"column":18},"end":{"line":92,"column":20}},{"start":{"line":94,"column":18},"end":{"line":94,"column":91}}],"line":84},"6":{"loc":{"start":{"line":86,"column":27},"end":{"line":86,"column":58}},"type":"binary-expr","locations":[{"start":{"line":86,"column":27},"end":{"line":86,"column":52}},{"start":{"line":86,"column":56},"end":{"line":86,"column":58}}],"line":86},"7":{"loc":{"start":{"line":94,"column":48},"end":{"line":94,"column":86}},"type":"binary-expr","locations":[{"start":{"line":94,"column":48},"end":{"line":94,"column":73}},{"start":{"line":94,"column":77},"end":{"line":94,"column":86}}],"line":94},"8":{"loc":{"start":{"line":100,"column":17},"end":{"line":112,"column":17}},"type":"cond-expr","locations":[{"start":{"line":101,"column":18},"end":{"line":109,"column":27}},{"start":{"line":111,"column":18},"end":{"line":111,"column":98}}],"line":100},"9":{"loc":{"start":{"line":102,"column":27},"end":{"line":102,"column":54}},"type":"binary-expr","locations":[{"start":{"line":102,"column":27},"end":{"line":102,"column":48}},{"start":{"line":102,"column":52},"end":{"line":102,"column":54}}],"line":102},"10":{"loc":{"start":{"line":111,"column":59},"end":{"line":111,"column":93}},"type":"binary-expr","locations":[{"start":{"line":111,"column":59},"end":{"line":111,"column":80}},{"start":{"line":111,"column":84},"end":{"line":111,"column":93}}],"line":111},"11":{"loc":{"start":{"line":117,"column":17},"end":{"line":130,"column":17}},"type":"cond-expr","locations":[{"start":{"line":118,"column":18},"end":{"line":127,"column":27}},{"start":{"line":129,"column":18},"end":{"line":129,"column":90}}],"line":117},"12":{"loc":{"start":{"line":119,"column":27},"end":{"line":119,"column":56}},"type":"binary-expr","locations":[{"start":{"line":119,"column":27},"end":{"line":119,"column":50}},{"start":{"line":119,"column":54},"end":{"line":119,"column":56}}],"line":119},"13":{"loc":{"start":{"line":129,"column":48},"end":{"line":129,"column":77}},"type":"binary-expr","locations":[{"start":{"line":129,"column":48},"end":{"line":129,"column":71}},{"start":{"line":129,"column":75},"end":{"line":129,"column":77}}],"line":129},"14":{"loc":{"start":{"line":135,"column":17},"end":{"line":144,"column":17}},"type":"cond-expr","locations":[{"start":{"line":136,"column":18},"end":{"line":141,"column":20}},{"start":{"line":143,"column":18},"end":{"line":143,"column":101}}],"line":135},"15":{"loc":{"start":{"line":137,"column":27},"end":{"line":137,"column":61}},"type":"binary-expr","locations":[{"start":{"line":137,"column":27},"end":{"line":137,"column":55}},{"start":{"line":137,"column":59},"end":{"line":137,"column":61}}],"line":137},"16":{"loc":{"start":{"line":143,"column":48},"end":{"line":143,"column":96}},"type":"binary-expr","locations":[{"start":{"line":143,"column":48},"end":{"line":143,"column":76}},{"start":{"line":143,"column":80},"end":{"line":143,"column":96}}],"line":143}},"s":{"0":0,"1":0,"2":0,"3":0,"4":0,"5":0,"6":0,"7":0,"8":0,"9":0,"10":0,"11":0,"12":0,"13":0,"14":0,"15":0,"16":0,"17":0,"18":0,"19":0,"20":0,"21":0,"22":0,"23":0,"24":0,"25":0,"26":0,"27":0,"28":0,"29":0},"f":{"0":0,"1":0,"2":0,"3":0,"4":0,"5":0,"6":0,"7":0,"8":0,"9":0},"b":{"0":[0,0],"1":[0,0],"2":[0,0],"3":[0,0],"4":[0,0],"5":[0,0],"6":[0,0],"7":[0,0],"8":[0,0],"9":[0,0],"10":[0,0],"11":[0,0],"12":[0,0],"13":[0,0],"14":[0,0],"15":[0,0],"16":[0,0]}}
,"/root/yogastudio/frontend/src/pages/Register.js": {"path":"/root/yogastudio/frontend/src/pages/Register.js","statementMap":{"0":{"start":{"line":5,"column":17},"end":{"line":157,"column":1}},"1":{"start":{"line":6,"column":34},"end":{"line":11,"column":4}},"2":{"start":{"line":12,"column":28},"end":{"line":12,"column":40}},"3":{"start":{"line":13,"column":32},"end":{"line":13,"column":47}},"4":{"start":{"line":14,"column":29},"end":{"line":14,"column":38}},"5":{"start":{"line":15,"column":19},"end":{"line":15,"column":32}},"6":{"start":{"line":16,"column":19},"end":{"line":16,"column":32}},"7":{"start":{"line":19,"column":23},"end":{"line":19,"column":92}},"8":{"start":{"line":21,"column":2},"end":{"line":23,"column":3}},"9":{"start":{"line":22,"column":4},"end":{"line":22,"column":42}},"10":{"start":{"line":25,"column":23},"end":{"line":30,"column":3}},"11":{"start":{"line":26,"column":4},"end":{"line":29,"column":7}},"12":{"start":{"line":32,"column":23},"end":{"line":56,"column":3}},"13":{"start":{"line":33,"column":4},"end":{"line":33,"column":23}},"14":{"start":{"line":34,"column":4},"end":{"line":34,"column":21}},"15":{"start":{"line":35,"column":4},"end":{"line":35,"column":17}},"16":{"start":{"line":37,"column":4},"end":{"line":41,"column":5}},"17":{"start":{"line":38,"column":6},"end":{"line":38,"column":41}},"18":{"start":{"line":39,"column":6},"end":{"line":39,"column":24}},"19":{"start":{"line":40,"column":6},"end":{"line":40,"column":13}},"20":{"start":{"line":43,"column":4},"end":{"line":47,"column":5}},"21":{"start":{"line":44,"column":6},"end":{"line":44,"column":57}},"22":{"start":{"line":45,"column":6},"end":{"line":45,"column":24}},"23":{"start":{"line":46,"column":6},"end":{"line":46,"column":13}},"24":{"start":{"line":49,"column":19},"end":{"line":49,"column":83}},"25":{"start":{"line":51,"column":4},"end":{"line":53,"column":5}},"26":{"start":{"line":52,"column":6},"end":{"line":52,"column":29}},"27":{"start":{"line":55,"column":4},"end":{"line":55,"column":22}},"28":{"start":{"line":58,"column":2},"end":{"line":156,"column":4}}},"fnMap":{"0":{"name":"(anonymous_0)","decl":{"start":{"line":5,"column":17},"end":{"line":5,"column":18}},"loc":{"start":{"line":5,"column":23},"end":{"line":157,"column":1}},"line":5},"1":{"name":"(anonymous_1)","decl":{"start":{"line":25,"column":23},"end":{"line":25,"column":24}},"loc":{"start":{"line":25,"column":30},"end":{"line":30,"column":3}},"line":25},"2":{"name":"(anonymous_2)","decl":{"start":{"line":32,"column":23},"end":{"line":32,"column":24}},"loc":{"start":{"line":32,"column":36},"end":{"line":56,"column":3}},"line":32}},"branchMap":{"0":{"loc":{"start":{"line":19,"column":23},"end":{"line":19,"column":92}},"type":"binary-expr","locations":[{"start":{"line":19,"column":23},"end":{"line":19,"column":75}},{"start":{"line":19,"column":79},"end":{"line":19,"column":92}}],"line":19},"1":{"loc":{"start":{"line":21,"column":2},"end":{"line":23,"column":3}},"type":"if","locations":[{"start":{"line":21,"column":2},"end":{"line":23,"column":3}},{"start":{},"end":{}}],"line":21},"2":{"loc":{"start":{"line":37,"column":4},"end":{"line":41,"column":5}},"type":"if","locations":[{"start":{"line":37,"column":4},"end":{"line":41,"column":5}},{"start":{},"end":{}}],"line":37},"3":{"loc":{"start":{"line":43,"column":4},"end":{"line":47,"column":5}},"type":"if","locations":[{"start":{"line":43,"column":4},"end":{"line":47,"column":5}},{"start":{},"end":{}}],"line":43},"4":{"loc":{"start":{"line":51,"column":4},"end":{"line":53,"column":5}},"type":"if","locations":[{"start":{"line":51,"column":4},"end":{"line":53,"column":5}},{"start":{},"end":{}}],"line":51},"5":{"loc":{"start":{"line":131,"column":11},"end":{"line":135,"column":11}},"type":"binary-expr","locations":[{"start":{"line":131,"column":11},"end":{"line":131,"column":16}},{"start":{"line":132,"column":12},"end":{"line":134,"column":18}}],"line":131},"6":{"loc":{"start":{"line":142,"column":13},"end":{"line":142,"column":63}},"type":"cond-expr","locations":[{"start":{"line":142,"column":23},"end":{"line":142,"column":44}},{"start":{"line":142,"column":47},"end":{"line":142,"column":63}}],"line":142}},"s":{"0":0,"1":0,"2":0,"3":0,"4":0,"5":0,"6":0,"7":0,"8":0,"9":0,"10":0,"11":0,"12":0,"13":0,"14":0,"15":0,"16":0,"17":0,"18":0,"19":0,"20":0,"21":0,"22":0,"23":0,"24":0,"25":0,"26":0,"27":0,"28":0},"f":{"0":0,"1":0,"2":0},"b":{"0":[0,0],"1":[0,0],"2":[0,0],"3":[0,0],"4":[0,0],"5":[0,0],"6":[0,0]}}
}
